=== RM QVRF Receiver ===
preset=qvrf192x2x24 codec=192 display=384
mqtt=192.168.12.1:3333 client_id=103
backend=cuda torch=cuda:0 fused=1
[0;93m2026-06-11 01:03:39.897818081 [W:onnxruntime:Default, device_discovery.cc:164 DiscoverDevicesForPlatform] GPU device discovery failed: device_discovery.cc:89 ReadFileContents Failed to open file: "/sys/class/drm/card0/device/vendor"[m
=== RM Stream Devices ===
Backend: cuda
OpenVINO devices: ['CPU', 'GPU']
Torch CUDA: [{'id': 'cuda:0', 'name': 'NVIDIA GeForce RTX 4060 Laptop GPU'}]
Receiver SR: sr_backend=tensorrt/rlfn_trt device=cuda:0 engine=
Receiver fused SR: g_s+rlfn_trt device=cuda:0 engine=/home/xx/client/rm_compress/rm_qvrf_receiver/models/engines/qvrf_gs_rlfn_x2_192x384_fp16_iofp32_fixed_trt__.engine
QFactoryLoader::QFactoryLoader() checking directory path "/home/xx/client/rm_compress/rm_qvrf_receiver/client/.venv/lib/python3.11/site-packages/PyQt5/Qt5/plugins/platforms" ...
QFactoryLoader::QFactoryLoader() looking at "/home/xx/client/rm_compress/rm_qvrf_receiver/client/.venv/lib/python3.11/site-packages/PyQt5/Qt5/plugins/platforms/libqeglfs.so"
Found metadata in lib /home/xx/client/rm_compress/rm_qvrf_receiver/client/.venv/lib/python3.11/site-packages/PyQt5/Qt5/plugins/platforms/libqeglfs.so, metadata=
{
    "IID": "org.qt-project.Qt.QPA.QPlatformIntegrationFactoryInterface.5.3",
    "MetaData": {
        "Keys": [
            "eglfs"
        ]
    },
    "archreq": 0,
    "className": "QEglFSIntegrationPlugin",
    "debug": false,
    "version": 331520
}


Got keys from plugin meta data ("eglfs")
QFactoryLoader::QFactoryLoader() looking at "/home/xx/client/rm_compress/rm_qvrf_receiver/client/.venv/lib/python3.11/site-packages/PyQt5/Qt5/plugins/platforms/libqlinuxfb.so"
Found metadata in lib /home/xx/client/rm_compress/rm_qvrf_receiver/client/.venv/lib/python3.11/site-packages/PyQt5/Qt5/plugins/platforms/libqlinuxfb.so, metadata=
{
    "IID": "org.qt-project.Qt.QPA.QPlatformIntegrationFactoryInterface.5.3",
    "MetaData": {
        "Keys": [
            "linuxfb"
        ]
    },
    "archreq": 0,
    "className": "QLinuxFbIntegrationPlugin",
    "debug": false,
    "version": 331520
}


Got keys from plugin meta data ("linuxfb")
QFactoryLoader::QFactoryLoader() looking at "/home/xx/client/rm_compress/rm_qvrf_receiver/client/.venv/lib/python3.11/site-packages/PyQt5/Qt5/plugins/platforms/libqminimal.so"
Found metadata in lib /home/xx/client/rm_compress/rm_qvrf_receiver/client/.venv/lib/python3.11/site-packages/PyQt5/Qt5/plugins/platforms/libqminimal.so, metadata=
{
    "IID": "org.qt-project.Qt.QPA.QPlatformIntegrationFactoryInterface.5.3",
    "MetaData": {
        "Keys": [
            "minimal"
        ]
    },
    "archreq": 0,
    "className": "QMinimalIntegrationPlugin",
    "debug": false,
    "version": 331520
}


Got keys from plugin meta data ("minimal")
QFactoryLoader::QFactoryLoader() looking at "/home/xx/client/rm_compress/rm_qvrf_receiver/client/.venv/lib/python3.11/site-packages/PyQt5/Qt5/plugins/platforms/libqminimalegl.so"
Found metadata in lib /home/xx/client/rm_compress/rm_qvrf_receiver/client/.venv/lib/python3.11/site-packages/PyQt5/Qt5/plugins/platforms/libqminimalegl.so, metadata=
{
    "IID": "org.qt-project.Qt.QPA.QPlatformIntegrationFactoryInterface.5.3",
    "MetaData": {
        "Keys": [
            "minimalegl"
        ]
    },
    "archreq": 0,
    "className": "QMinimalEglIntegrationPlugin",
    "debug": false,
    "version": 331520
}


Got keys from plugin meta data ("minimalegl")
QFactoryLoader::QFactoryLoader() looking at "/home/xx/client/rm_compress/rm_qvrf_receiver/client/.venv/lib/python3.11/site-packages/PyQt5/Qt5/plugins/platforms/libqoffscreen.so"
Found metadata in lib /home/xx/client/rm_compress/rm_qvrf_receiver/client/.venv/lib/python3.11/site-packages/PyQt5/Qt5/plugins/platforms/libqoffscreen.so, metadata=
{
    "IID": "org.qt-project.Qt.QPA.QPlatformIntegrationFactoryInterface.5.3",
    "MetaData": {
        "Keys": [
            "offscreen"
        ]
    },
    "archreq": 0,
    "className": "QOffscreenIntegrationPlugin",
    "debug": false,
    "version": 331520
}


Got keys from plugin meta data ("offscreen")
QFactoryLoader::QFactoryLoader() looking at "/home/xx/client/rm_compress/rm_qvrf_receiver/client/.venv/lib/python3.11/site-packages/PyQt5/Qt5/plugins/platforms/libqvnc.so"
Found metadata in lib /home/xx/client/rm_compress/rm_qvrf_receiver/client/.venv/lib/python3.11/site-packages/PyQt5/Qt5/plugins/platforms/libqvnc.so, metadata=
{
    "IID": "org.qt-project.Qt.QPA.QPlatformIntegrationFactoryInterface.5.3",
    "MetaData": {
        "Keys": [
            "vnc"
        ]
    },
    "archreq": 0,
    "className": "QVncIntegrationPlugin",
    "debug": false,
    "version": 331520
}


Got keys from plugin meta data ("vnc")
QFactoryLoader::QFactoryLoader() looking at "/home/xx/client/rm_compress/rm_qvrf_receiver/client/.venv/lib/python3.11/site-packages/PyQt5/Qt5/plugins/platforms/libqwayland-egl.so"
Found metadata in lib /home/xx/client/rm_compress/rm_qvrf_receiver/client/.venv/lib/python3.11/site-packages/PyQt5/Qt5/plugins/platforms/libqwayland-egl.so, metadata=
{
    "IID": "org.qt-project.Qt.QPA.QPlatformIntegrationFactoryInterface.5.3",
    "MetaData": {
        "Keys": [
            "wayland-egl"
        ]
    },
    "archreq": 0,
    "className": "QWaylandEglPlatformIntegrationPlugin",
    "debug": false,
    "version": 331520
}


Got keys from plugin meta data ("wayland-egl")
QFactoryLoader::QFactoryLoader() looking at "/home/xx/client/rm_compress/rm_qvrf_receiver/client/.venv/lib/python3.11/site-packages/PyQt5/Qt5/plugins/platforms/libqwayland-generic.so"
Found metadata in lib /home/xx/client/rm_compress/rm_qvrf_receiver/client/.venv/lib/python3.11/site-packages/PyQt5/Qt5/plugins/platforms/libqwayland-generic.so, metadata=
{
    "IID": "org.qt-project.Qt.QPA.QPlatformIntegrationFactoryInterface.5.3",
    "MetaData": {
        "Keys": [
            "wayland"
        ]
    },
    "archreq": 0,
    "className": "QWaylandIntegrationPlugin",
    "debug": false,
    "version": 331520
}


Got keys from plugin meta data ("wayland")
QFactoryLoader::QFactoryLoader() looking at "/home/xx/client/rm_compress/rm_qvrf_receiver/client/.venv/lib/python3.11/site-packages/PyQt5/Qt5/plugins/platforms/libqwayland-xcomposite-egl.so"
Found metadata in lib /home/xx/client/rm_compress/rm_qvrf_receiver/client/.venv/lib/python3.11/site-packages/PyQt5/Qt5/plugins/platforms/libqwayland-xcomposite-egl.so, metadata=
{
    "IID": "org.qt-project.Qt.QPA.QPlatformIntegrationFactoryInterface.5.3",
    "MetaData": {
        "Keys": [
            "wayland-xcomposite-egl"
        ]
    },
    "archreq": 0,
    "className": "QWaylandXCompositeEglPlatformIntegrationPlugin",
    "debug": false,
    "version": 331520
}


Got keys from plugin meta data ("wayland-xcomposite-egl")
QFactoryLoader::QFactoryLoader() looking at "/home/xx/client/rm_compress/rm_qvrf_receiver/client/.venv/lib/python3.11/site-packages/PyQt5/Qt5/plugins/platforms/libqwayland-xcomposite-glx.so"
Found metadata in lib /home/xx/client/rm_compress/rm_qvrf_receiver/client/.venv/lib/python3.11/site-packages/PyQt5/Qt5/plugins/platforms/libqwayland-xcomposite-glx.so, metadata=
{
    "IID": "org.qt-project.Qt.QPA.QPlatformIntegrationFactoryInterface.5.3",
    "MetaData": {
        "Keys": [
            "wayland-xcomposite-glx"
        ]
    },
    "archreq": 0,
    "className": "QWaylandXCompositeGlxPlatformIntegrationPlugin",
    "debug": false,
    "version": 331520
}


Got keys from plugin meta data ("wayland-xcomposite-glx")
QFactoryLoader::QFactoryLoader() looking at "/home/xx/client/rm_compress/rm_qvrf_receiver/client/.venv/lib/python3.11/site-packages/PyQt5/Qt5/plugins/platforms/libqwebgl.so"
Found metadata in lib /home/xx/client/rm_compress/rm_qvrf_receiver/client/.venv/lib/python3.11/site-packages/PyQt5/Qt5/plugins/platforms/libqwebgl.so, metadata=
{
    "IID": "org.qt-project.Qt.QPA.QPlatformIntegrationFactoryInterface.5.3",
    "MetaData": {
        "Keys": [
            "webgl"
        ]
    },
    "archreq": 0,
    "className": "QWebGLIntegrationPlugin",
    "debug": false,
    "version": 331520
}


Got keys from plugin meta data ("webgl")
QFactoryLoader::QFactoryLoader() looking at "/home/xx/client/rm_compress/rm_qvrf_receiver/client/.venv/lib/python3.11/site-packages/PyQt5/Qt5/plugins/platforms/libqxcb.so"
Found metadata in lib /home/xx/client/rm_compress/rm_qvrf_receiver/client/.venv/lib/python3.11/site-packages/PyQt5/Qt5/plugins/platforms/libqxcb.so, metadata=
{
    "IID": "org.qt-project.Qt.QPA.QPlatformIntegrationFactoryInterface.5.3",
    "MetaData": {
        "Keys": [
            "xcb"
        ]
    },
    "archreq": 0,
    "className": "QXcbIntegrationPlugin",
    "debug": false,
    "version": 331520
}


Got keys from plugin meta data ("xcb")
QFactoryLoader::QFactoryLoader() checking directory path "/home/xx/client/rm_compress/rm_qvrf_receiver/client/.venv/lib/python3.11/site-packages/PyQt5/Qt5/plugins" ...
QFactoryLoader::QFactoryLoader() checking directory path "/home/xx/.local/share/uv/python/cpython-3.11.15-linux-x86_64-gnu/bin" ...
QFactoryLoader::QFactoryLoader() looking at "/home/xx/.local/share/uv/python/cpython-3.11.15-linux-x86_64-gnu/bin/2to3"
QElfParser: '/home/xx/.local/share/uv/python/cpython-3.11.15-linux-x86_64-gnu/bin/2to3-3.11' is not an ELF object
"'/home/xx/.local/share/uv/python/cpython-3.11.15-linux-x86_64-gnu/bin/2to3-3.11' is not an ELF object" 
         not a plugin
QFactoryLoader::QFactoryLoader() looking at "/home/xx/.local/share/uv/python/cpython-3.11.15-linux-x86_64-gnu/bin/2to3-3.11"
QElfParser: '/home/xx/.local/share/uv/python/cpython-3.11.15-linux-x86_64-gnu/bin/2to3-3.11' is not an ELF object
"'/home/xx/.local/share/uv/python/cpython-3.11.15-linux-x86_64-gnu/bin/2to3-3.11' is not an ELF object" 
         not a plugin
QFactoryLoader::QFactoryLoader() looking at "/home/xx/.local/share/uv/python/cpython-3.11.15-linux-x86_64-gnu/bin/idle3"
QElfParser: '/home/xx/.local/share/uv/python/cpython-3.11.15-linux-x86_64-gnu/bin/idle3.11' is not an ELF object
"'/home/xx/.local/share/uv/python/cpython-3.11.15-linux-x86_64-gnu/bin/idle3.11' is not an ELF object" 
         not a plugin
QFactoryLoader::QFactoryLoader() looking at "/home/xx/.local/share/uv/python/cpython-3.11.15-linux-x86_64-gnu/bin/idle3.11"
QElfParser: '/home/xx/.local/share/uv/python/cpython-3.11.15-linux-x86_64-gnu/bin/idle3.11' is not an ELF object
"'/home/xx/.local/share/uv/python/cpython-3.11.15-linux-x86_64-gnu/bin/idle3.11' is not an ELF object" 
         not a plugin
QFactoryLoader::QFactoryLoader() looking at "/home/xx/.local/share/uv/python/cpython-3.11.15-linux-x86_64-gnu/bin/pip"
QElfParser: '/home/xx/.local/share/uv/python/cpython-3.11.15-linux-x86_64-gnu/bin/pip' is not an ELF object
"'/home/xx/.local/share/uv/python/cpython-3.11.15-linux-x86_64-gnu/bin/pip' is not an ELF object" 
         not a plugin
QFactoryLoader::QFactoryLoader() looking at "/home/xx/.local/share/uv/python/cpython-3.11.15-linux-x86_64-gnu/bin/pip3"
QElfParser: '/home/xx/.local/share/uv/python/cpython-3.11.15-linux-x86_64-gnu/bin/pip3' is not an ELF object
"'/home/xx/.local/share/uv/python/cpython-3.11.15-linux-x86_64-gnu/bin/pip3' is not an ELF object" 
         not a plugin
QFactoryLoader::QFactoryLoader() looking at "/home/xx/.local/share/uv/python/cpython-3.11.15-linux-x86_64-gnu/bin/pip3.11"
QElfParser: '/home/xx/.local/share/uv/python/cpython-3.11.15-linux-x86_64-gnu/bin/pip3.11' is not an ELF object
"'/home/xx/.local/share/uv/python/cpython-3.11.15-linux-x86_64-gnu/bin/pip3.11' is not an ELF object" 
         not a plugin
QFactoryLoader::QFactoryLoader() looking at "/home/xx/.local/share/uv/python/cpython-3.11.15-linux-x86_64-gnu/bin/pydoc3"
QElfParser: '/home/xx/.local/share/uv/python/cpython-3.11.15-linux-x86_64-gnu/bin/pydoc3.11' is not an ELF object
"'/home/xx/.local/share/uv/python/cpython-3.11.15-linux-x86_64-gnu/bin/pydoc3.11' is not an ELF object" 
         not a plugin
QFactoryLoader::QFactoryLoader() looking at "/home/xx/.local/share/uv/python/cpython-3.11.15-linux-x86_64-gnu/bin/pydoc3.11"
QElfParser: '/home/xx/.local/share/uv/python/cpython-3.11.15-linux-x86_64-gnu/bin/pydoc3.11' is not an ELF object
"'/home/xx/.local/share/uv/python/cpython-3.11.15-linux-x86_64-gnu/bin/pydoc3.11' is not an ELF object" 
         not a plugin
QFactoryLoader::QFactoryLoader() looking at "/home/xx/.local/share/uv/python/cpython-3.11.15-linux-x86_64-gnu/bin/python"
"Failed to extract plugin meta data from '/home/xx/.local/share/uv/python/cpython-3.11.15-linux-x86_64-gnu/bin/python3.11'" 
         not a plugin
QFactoryLoader::QFactoryLoader() looking at "/home/xx/.local/share/uv/python/cpython-3.11.15-linux-x86_64-gnu/bin/python3"
"Failed to extract plugin meta data from '/home/xx/.local/share/uv/python/cpython-3.11.15-linux-x86_64-gnu/bin/python3.11'" 
         not a plugin
QFactoryLoader::QFactoryLoader() looking at "/home/xx/.local/share/uv/python/cpython-3.11.15-linux-x86_64-gnu/bin/python3-config"
QElfParser: '/home/xx/.local/share/uv/python/cpython-3.11.15-linux-x86_64-gnu/bin/python3.11-config' is not an ELF object
"'/home/xx/.local/share/uv/python/cpython-3.11.15-linux-x86_64-gnu/bin/python3.11-config' is not an ELF object" 
         not a plugin
QFactoryLoader::QFactoryLoader() looking at "/home/xx/.local/share/uv/python/cpython-3.11.15-linux-x86_64-gnu/bin/python3.11"
"Failed to extract plugin meta data from '/home/xx/.local/share/uv/python/cpython-3.11.15-linux-x86_64-gnu/bin/python3.11'" 
         not a plugin
QFactoryLoader::QFactoryLoader() looking at "/home/xx/.local/share/uv/python/cpython-3.11.15-linux-x86_64-gnu/bin/python3.11-config"
QElfParser: '/home/xx/.local/share/uv/python/cpython-3.11.15-linux-x86_64-gnu/bin/python3.11-config' is not an ELF object
"'/home/xx/.local/share/uv/python/cpython-3.11.15-linux-x86_64-gnu/bin/python3.11-config' is not an ELF object" 
         not a plugin
QFactoryLoader::QFactoryLoader() checking directory path "/home/xx/client/rm_compress/rm_qvrf_receiver/client/.venv/lib/python3.11/site-packages/PyQt5/Qt5/plugins/platforms/platforms" ...
QFactoryLoader::QFactoryLoader() checking directory path "/home/xx/client/rm_compress/rm_qvrf_receiver/client/.venv/lib/python3.11/site-packages/PyQt5/Qt5/plugins/platforms" ...
QFactoryLoader::QFactoryLoader() looking at "/home/xx/client/rm_compress/rm_qvrf_receiver/client/.venv/lib/python3.11/site-packages/PyQt5/Qt5/plugins/platforms/libqeglfs.so"
Got keys from plugin meta data ("eglfs")
QFactoryLoader::QFactoryLoader() looking at "/home/xx/client/rm_compress/rm_qvrf_receiver/client/.venv/lib/python3.11/site-packages/PyQt5/Qt5/plugins/platforms/libqlinuxfb.so"
Got keys from plugin meta data ("linuxfb")
QFactoryLoader::QFactoryLoader() looking at "/home/xx/client/rm_compress/rm_qvrf_receiver/client/.venv/lib/python3.11/site-packages/PyQt5/Qt5/plugins/platforms/libqminimal.so"
Got keys from plugin meta data ("minimal")
QFactoryLoader::QFactoryLoader() looking at "/home/xx/client/rm_compress/rm_qvrf_receiver/client/.venv/lib/python3.11/site-packages/PyQt5/Qt5/plugins/platforms/libqminimalegl.so"
Got keys from plugin meta data ("minimalegl")
QFactoryLoader::QFactoryLoader() looking at "/home/xx/client/rm_compress/rm_qvrf_receiver/client/.venv/lib/python3.11/site-packages/PyQt5/Qt5/plugins/platforms/libqoffscreen.so"
Got keys from plugin meta data ("offscreen")
QFactoryLoader::QFactoryLoader() looking at "/home/xx/client/rm_compress/rm_qvrf_receiver/client/.venv/lib/python3.11/site-packages/PyQt5/Qt5/plugins/platforms/libqvnc.so"
Got keys from plugin meta data ("vnc")
QFactoryLoader::QFactoryLoader() looking at "/home/xx/client/rm_compress/rm_qvrf_receiver/client/.venv/lib/python3.11/site-packages/PyQt5/Qt5/plugins/platforms/libqwayland-egl.so"
Got keys from plugin meta data ("wayland-egl")
QFactoryLoader::QFactoryLoader() looking at "/home/xx/client/rm_compress/rm_qvrf_receiver/client/.venv/lib/python3.11/site-packages/PyQt5/Qt5/plugins/platforms/libqwayland-generic.so"
Got keys from plugin meta data ("wayland")
QFactoryLoader::QFactoryLoader() looking at "/home/xx/client/rm_compress/rm_qvrf_receiver/client/.venv/lib/python3.11/site-packages/PyQt5/Qt5/plugins/platforms/libqwayland-xcomposite-egl.so"
Got keys from plugin meta data ("wayland-xcomposite-egl")
QFactoryLoader::QFactoryLoader() looking at "/home/xx/client/rm_compress/rm_qvrf_receiver/client/.venv/lib/python3.11/site-packages/PyQt5/Qt5/plugins/platforms/libqwayland-xcomposite-glx.so"
Got keys from plugin meta data ("wayland-xcomposite-glx")
QFactoryLoader::QFactoryLoader() looking at "/home/xx/client/rm_compress/rm_qvrf_receiver/client/.venv/lib/python3.11/site-packages/PyQt5/Qt5/plugins/platforms/libqwebgl.so"
Got keys from plugin meta data ("webgl")
QFactoryLoader::QFactoryLoader() looking at "/home/xx/client/rm_compress/rm_qvrf_receiver/client/.venv/lib/python3.11/site-packages/PyQt5/Qt5/plugins/platforms/libqxcb.so"
Got keys from plugin meta data ("xcb")
QFactoryLoader::QFactoryLoader() checking directory path "/home/xx/.local/share/uv/python/cpython-3.11.15-linux-x86_64-gnu/bin/platforms" ...
Cannot load library /home/xx/client/rm_compress/rm_qvrf_receiver/client/.venv/lib/python3.11/site-packages/PyQt5/Qt5/plugins/platforms/libqxcb.so: (/usr/lib/x86_64-linux-gnu/libQt5XcbQpa.so.5: undefined symbol: _ZN23QPlatformVulkanInstance22presentAboutToBeQueuedEP7QWindow, version Qt_5_PRIVATE_API)
QLibraryPrivate::loadPlugin failed on "/home/xx/client/rm_compress/rm_qvrf_receiver/client/.venv/lib/python3.11/site-packages/PyQt5/Qt5/plugins/platforms/libqxcb.so" : "Cannot load library /home/xx/client/rm_compress/rm_qvrf_receiver/client/.venv/lib/python3.11/site-packages/PyQt5/Qt5/plugins/platforms/libqxcb.so: (/usr/lib/x86_64-linux-gnu/libQt5XcbQpa.so.5: undefined symbol: _ZN23QPlatformVulkanInstance22presentAboutToBeQueuedEP7QWindow, version Qt_5_PRIVATE_API)"
qt.qpa.plugin: Could not load the Qt platform plugin "xcb" in "/home/xx/client/rm_compress/rm_qvrf_receiver/client/.venv/lib/python3.11/site-packages/PyQt5/Qt5/plugins/platforms" even though it was found.
This application failed to start because no Qt platform plugin could be initialized. Reinstalling the application may fix this problem.

Available platform plugins are: eglfs (from /home/xx/client/rm_compress/rm_qvrf_receiver/client/.venv/lib/python3.11/site-packages/PyQt5/Qt5/plugins/platforms), linuxfb (from /home/xx/client/rm_compress/rm_qvrf_receiver/client/.venv/lib/python3.11/site-packages/PyQt5/Qt5/plugins/platforms), minimal (from /home/xx/client/rm_compress/rm_qvrf_receiver/client/.venv/lib/python3.11/site-packages/PyQt5/Qt5/plugins/platforms), minimalegl (from /home/xx/client/rm_compress/rm_qvrf_receiver/client/.venv/lib/python3.11/site-packages/PyQt5/Qt5/plugins/platforms), offscreen (from /home/xx/client/rm_compress/rm_qvrf_receiver/client/.venv/lib/python3.11/site-packages/PyQt5/Qt5/plugins/platforms), vnc (from /home/xx/client/rm_compress/rm_qvrf_receiver/client/.venv/lib/python3.11/site-packages/PyQt5/Qt5/plugins/platforms), wayland-egl (from /home/xx/client/rm_compress/rm_qvrf_receiver/client/.venv/lib/python3.11/site-packages/PyQt5/Qt5/plugins/platforms), wayland (from /home/xx/client/rm_compress/rm_qvrf_receiver/client/.venv/lib/python3.11/site-packages/PyQt5/Qt5/plugins/platforms), wayland-xcomposite-egl (from /home/xx/client/rm_compress/rm_qvrf_receiver/client/.venv/lib/python3.11/site-packages/PyQt5/Qt5/plugins/platforms), wayland-xcomposite-glx (from /home/xx/client/rm_compress/rm_qvrf_receiver/client/.venv/lib/python3.11/site-packages/PyQt5/Qt5/plugins/platforms), webgl (from /home/xx/client/rm_compress/rm_qvrf_receiver/client/.venv/lib/python3.11/site-packages/PyQt5/Qt5/plugins/platforms), xcb (from /home/xx/client/rm_compress/rm_qvrf_receiver/client/.venv/lib/python3.11/site-packages/PyQt5/Qt5/plugins/platforms), eglfs, linuxfb, minimal, minimalegl, offscreen, vnc, wayland-egl, wayland, wayland-xcomposite-egl, wayland-xcomposite-glx, webgl, xcb.

