Info    2026-06-06 19:37:57:061  DevID:MV-CS016-10UC(DB0178675)  Source-Line:libMvUsb3vTL.so(Manager.cpp-L0149)  ProcessName:rm_camera_capture(179857)     Description:[Init]Current dynamic library path[/opt/MVS/lib/64/libMvUsb3vTL.so]
Info    2026-06-06 19:37:57:061  DevID:MV-CS016-10UC(DB0178675)  Source-Line:libMvUsb3vTL.so(Manager.cpp-L0151)  ProcessName:rm_camera_capture(179857)     Description:[Init]U3V_Version: 4.5.0.3, U3V_Description: BaseLine Build 20241126
Info    2026-06-06 19:37:57:066  DevID:MV-CS016-10UC(DB0178675)  Source-Line:libMvUsb3vTL.so(Manager.cpp-L0795)  ProcessName:rm_camera_capture(179857)     Description:[ConnectDevice][UpdateUsbDeviceType] Dev SerialNum:[DB0178675], Type[0] (0-Stand; 1-MasterWithSlaver; 2-justMaster)
Info    2026-06-06 19:37:57:066  DevID:MV-CS016-10UC(DB0178675)  Source-Line:libMvUsb3vTL.so(DriverLayer.cpp-L1048)  ProcessName:rm_camera_capture(179857)     Description:[OpenDevice]device speed: [0x3]
Info    2026-06-06 19:37:57:256  DevID:MV-CS016-10UC(DB0178675)  Source-Line:libMvUsb3vTL.so(DeviceControl.cpp-L0035)  ProcessName:rm_camera_capture(179857)     Description:[HeartBeat]U3V HeartBeat Start, ThreadId[1323304512], CameraType[0]
Info    2026-06-06 19:37:57:260  DevID:MV-CS016-10UC(DB0178675)  Source-Line:libMvUsb3vTL.so(DriverLayer.cpp-L1527)  ProcessName:rm_camera_capture(179857)     Description:[RegisterHotPlugCallback]Register hotplug success
Info    2026-06-06 19:37:57:349  DevID:MV-CS016-10UC(DB0178675)  Source-Line:libMvUsb3vTL.so(DeviceControl.cpp-L1530)  ProcessName:rm_camera_capture(179857)     Description:[SetTransferSize]Set TransferSize:[1048576] success.
Info    2026-06-06 19:37:57:349  DevID:MV-CS016-10UC(DB0178675)  Source-Line:libMvUsb3vTL.so(StreamProcess.cpp-L3082)  ProcessName:rm_camera_capture(179857)     Description:[SetStreamPayloadTimeout]Set StreamPayload Timeout [50]ms
Info    2026-06-06 19:37:57:349  DevID:MV-CS016-10UC(DB0178675)  Source-Line:libMvUsb3vTL.so(DeviceControl.cpp-L2152)  ProcessName:rm_camera_capture(179857)     Description:[SetSIControlRegTimeout]Set SIControlReg Timeout:[30]  success.
Info    2026-06-06 19:37:57:410  DevID:MV-CS016-10UC(DB0178675)  Source-Line:libMvUsb3vTL.so(Manager.cpp-L1169)  ProcessName:rm_camera_capture(179857)     Description:[StartAcquisition] Have no ExStreamPort
Info    2026-06-06 19:37:57:410  DevID:MV-CS016-10UC(DB0178675)  Source-Line:libMvUsb3vTL.so(StreamProcess.cpp-L1345)  ProcessName:rm_camera_capture(179857)     Description:[RecvThread]U3V StreamRecvThread Start, ThreadId[1419773504]  USBType[0]
Info    2026-06-06 19:37:57:412  DevID:MV-CS016-10UC(DB0178675)  Source-Line:libMvUsb3vTL.so(StreamProcess.cpp-L1938)  ProcessName:rm_camera_capture(179857)     Description:[RecvThreadProcess][RecvThreadProcess] UsbType[0] m_nStreamAsyncParamNum [8] begin running
Info    2026-06-06 19:37:59:035  DevID:MV-CS016-10UC(DB0178675)  Source-Line:libMvUsb3vTL.so(StreamProcess.cpp-L1378)  ProcessName:rm_camera_capture(179857)     Description:[Stop]UsbType[0] Stop begin
Info    2026-06-06 19:37:59:036  DevID:MV-CS016-10UC(DB0178675)  Source-Line:libMvUsb3vTL.so(StreamProcess.cpp-L1946)  ProcessName:rm_camera_capture(179857)     Description:[RecvThreadProcess]RecvThread process exit,UsbType[0]
Info    2026-06-06 19:37:59:036  DevID:MV-CS016-10UC(DB0178675)  Source-Line:libMvUsb3vTL.so(StreamProcess.cpp-L1364)  ProcessName:rm_camera_capture(179857)     Description:[RecvThread]U3V StreamRecvThread End, ThreadId[1419773504] USBType[0]
Info    2026-06-06 19:37:59:036  DevID:MV-CS016-10UC(DB0178675)  Source-Line:libMvUsb3vTL.so(StreamProcess.cpp-L1456)  ProcessName:rm_camera_capture(179857)     Description:[Stop]UsbType[0] Stop Acquiration process end, GetFrameCount[38], GetFrameCountSucceed[38], ReceivedFrameCount[38], AbnormalFrameCount[0]
Info    2026-06-06 19:37:59:038  DevID:MV-CS016-10UC(DB0178675)  Source-Line:libMvUsb3vTL.so(DriverLayer.cpp-L1566)  ProcessName:rm_camera_capture(179857)     Description:[DeregisterHotPlugCallback]Deregister hotplug success
Info    2026-06-06 19:37:59:038  DevID:MV-CS016-10UC(DB0178675)  Source-Line:libMvUsb3vTL.so(DeviceControl.cpp-L0037)  ProcessName:rm_camera_capture(179857)     Description:[HeartBeat]U3V HeartBeat End, ThreadId[1323304512], CameraType[0]
Info    2026-06-06 19:44:59:982  DevID:MV-CS016-10UC(DB0178675)  Source-Line:libMvUsb3vTL.so(Manager.cpp-L0149)  ProcessName:rm_camera_capture(183461)     Description:[Init]Current dynamic library path[/opt/MVS/lib/64/libMvUsb3vTL.so]
Info    2026-06-06 19:44:59:982  DevID:MV-CS016-10UC(DB0178675)  Source-Line:libMvUsb3vTL.so(Manager.cpp-L0151)  ProcessName:rm_camera_capture(183461)     Description:[Init]U3V_Version: 4.5.0.3, U3V_Description: BaseLine Build 20241126
Info    2026-06-06 19:44:59:986  DevID:MV-CS016-10UC(DB0178675)  Source-Line:libMvUsb3vTL.so(Manager.cpp-L0795)  ProcessName:rm_camera_capture(183461)     Description:[ConnectDevice][UpdateUsbDeviceType] Dev SerialNum:[DB0178675], Type[0] (0-Stand; 1-MasterWithSlaver; 2-justMaster)
Info    2026-06-06 19:44:59:986  DevID:MV-CS016-10UC(DB0178675)  Source-Line:libMvUsb3vTL.so(DriverLayer.cpp-L1048)  ProcessName:rm_camera_capture(183461)     Description:[OpenDevice]device speed: [0x3]
Error   2026-06-06 19:44:59:986  DevID:MV-CS016-10UC(DB0178675)  Source-Line:libMvUsb3vTL.so(DriverLayer.cpp-L1094)  ProcessName:rm_camera_capture(183461)     Description:[OpenDevice][usb_claim_interface] failed
Error   2026-06-06 19:44:59:986  DevID:MV-CS016-10UC(DB0178675)  Source-Line:libMvUsb3vTL.so(Manager.cpp-L0817)  ProcessName:rm_camera_capture(183461)     Description:[ConnectDevice]Open device failed, Ret[0x80000203]
Info    2026-06-06 19:45:01:098  DevID:MV-CS016-10UC(DB0178675)  Source-Line:libMvUsb3vTL.so(Manager.cpp-L0149)  ProcessName:rm_camera_capture(183461)     Description:[Init]Current dynamic library path[/opt/MVS/lib/64/libMvUsb3vTL.so]
Info    2026-06-06 19:45:01:098  DevID:MV-CS016-10UC(DB0178675)  Source-Line:libMvUsb3vTL.so(Manager.cpp-L0151)  ProcessName:rm_camera_capture(183461)     Description:[Init]U3V_Version: 4.5.0.3, U3V_Description: BaseLine Build 20241126
Info    2026-06-06 19:45:01:102  DevID:MV-CS016-10UC(DB0178675)  Source-Line:libMvUsb3vTL.so(Manager.cpp-L0795)  ProcessName:rm_camera_capture(183461)     Description:[ConnectDevice][UpdateUsbDeviceType] Dev SerialNum:[DB0178675], Type[0] (0-Stand; 1-MasterWithSlaver; 2-justMaster)
Info    2026-06-06 19:45:01:102  DevID:MV-CS016-10UC(DB0178675)  Source-Line:libMvUsb3vTL.so(DriverLayer.cpp-L1048)  ProcessName:rm_camera_capture(183461)     Description:[OpenDevice]device speed: [0x3]
Error   2026-06-06 19:45:01:102  DevID:MV-CS016-10UC(DB0178675)  Source-Line:libMvUsb3vTL.so(DriverLayer.cpp-L1094)  ProcessName:rm_camera_capture(183461)     Description:[OpenDevice][usb_claim_interface] failed
Error   2026-06-06 19:45:01:102  DevID:MV-CS016-10UC(DB0178675)  Source-Line:libMvUsb3vTL.so(Manager.cpp-L0817)  ProcessName:rm_camera_capture(183461)     Description:[ConnectDevice]Open device failed, Ret[0x80000203]
Info    2026-06-06 19:45:03:216  DevID:MV-CS016-10UC(DB0178675)  Source-Line:libMvUsb3vTL.so(Manager.cpp-L0149)  ProcessName:rm_camera_capture(183461)     Description:[Init]Current dynamic library path[/opt/MVS/lib/64/libMvUsb3vTL.so]
Info    2026-06-06 19:45:03:216  DevID:MV-CS016-10UC(DB0178675)  Source-Line:libMvUsb3vTL.so(Manager.cpp-L0151)  ProcessName:rm_camera_capture(183461)     Description:[Init]U3V_Version: 4.5.0.3, U3V_Description: BaseLine Build 20241126
Info    2026-06-06 19:45:03:219  DevID:MV-CS016-10UC(DB0178675)  Source-Line:libMvUsb3vTL.so(Manager.cpp-L0795)  ProcessName:rm_camera_capture(183461)     Description:[ConnectDevice][UpdateUsbDeviceType] Dev SerialNum:[DB0178675], Type[0] (0-Stand; 1-MasterWithSlaver; 2-justMaster)
Info    2026-06-06 19:45:03:219  DevID:MV-CS016-10UC(DB0178675)  Source-Line:libMvUsb3vTL.so(DriverLayer.cpp-L1048)  ProcessName:rm_camera_capture(183461)     Description:[OpenDevice]device speed: [0x3]
Error   2026-06-06 19:45:03:220  DevID:MV-CS016-10UC(DB0178675)  Source-Line:libMvUsb3vTL.so(DriverLayer.cpp-L1094)  ProcessName:rm_camera_capture(183461)     Description:[OpenDevice][usb_claim_interface] failed
Error   2026-06-06 19:45:03:220  DevID:MV-CS016-10UC(DB0178675)  Source-Line:libMvUsb3vTL.so(Manager.cpp-L0817)  ProcessName:rm_camera_capture(183461)     Description:[ConnectDevice]Open device failed, Ret[0x80000203]
Info    2026-06-06 19:45:11:729  DevID:MV-CS016-10UC(DB0178675)  Source-Line:libMvUsb3vTL.so(Manager.cpp-L0149)  ProcessName:rm_camera_capture(183699)     Description:[Init]Current dynamic library path[/opt/MVS/lib/64/libMvUsb3vTL.so]
Info    2026-06-06 19:45:11:729  DevID:MV-CS016-10UC(DB0178675)  Source-Line:libMvUsb3vTL.so(Manager.cpp-L0151)  ProcessName:rm_camera_capture(183699)     Description:[Init]U3V_Version: 4.5.0.3, U3V_Description: BaseLine Build 20241126
Info    2026-06-06 19:45:11:734  DevID:MV-CS016-10UC(DB0178675)  Source-Line:libMvUsb3vTL.so(Manager.cpp-L0795)  ProcessName:rm_camera_capture(183699)     Description:[ConnectDevice][UpdateUsbDeviceType] Dev SerialNum:[DB0178675], Type[0] (0-Stand; 1-MasterWithSlaver; 2-justMaster)
Info    2026-06-06 19:45:11:734  DevID:MV-CS016-10UC(DB0178675)  Source-Line:libMvUsb3vTL.so(DriverLayer.cpp-L1048)  ProcessName:rm_camera_capture(183699)     Description:[OpenDevice]device speed: [0x3]
Info    2026-06-06 19:45:11:926  DevID:MV-CS016-10UC(DB0178675)  Source-Line:libMvUsb3vTL.so(DeviceControl.cpp-L0035)  ProcessName:rm_camera_capture(183699)     Description:[HeartBeat]U3V HeartBeat Start, ThreadId[3661628992], CameraType[0]
Info    2026-06-06 19:45:11:930  DevID:MV-CS016-10UC(DB0178675)  Source-Line:libMvUsb3vTL.so(DriverLayer.cpp-L1527)  ProcessName:rm_camera_capture(183699)     Description:[RegisterHotPlugCallback]Register hotplug success
Info    2026-06-06 19:45:12:026  DevID:MV-CS016-10UC(DB0178675)  Source-Line:libMvUsb3vTL.so(DeviceControl.cpp-L1530)  ProcessName:rm_camera_capture(183699)     Description:[SetTransferSize]Set TransferSize:[1048576] success.
Info    2026-06-06 19:45:12:026  DevID:MV-CS016-10UC(DB0178675)  Source-Line:libMvUsb3vTL.so(StreamProcess.cpp-L3082)  ProcessName:rm_camera_capture(183699)     Description:[SetStreamPayloadTimeout]Set StreamPayload Timeout [50]ms
Info    2026-06-06 19:45:12:026  DevID:MV-CS016-10UC(DB0178675)  Source-Line:libMvUsb3vTL.so(DeviceControl.cpp-L2152)  ProcessName:rm_camera_capture(183699)     Description:[SetSIControlRegTimeout]Set SIControlReg Timeout:[30]  success.
Info    2026-06-06 19:45:12:082  DevID:MV-CS016-10UC(DB0178675)  Source-Line:libMvUsb3vTL.so(Manager.cpp-L1169)  ProcessName:rm_camera_capture(183699)     Description:[StartAcquisition] Have no ExStreamPort
Info    2026-06-06 19:45:12:082  DevID:MV-CS016-10UC(DB0178675)  Source-Line:libMvUsb3vTL.so(StreamProcess.cpp-L1345)  ProcessName:rm_camera_capture(183699)     Description:[RecvThread]U3V StreamRecvThread Start, ThreadId[3776972352]  USBType[0]
Info    2026-06-06 19:45:12:083  DevID:MV-CS016-10UC(DB0178675)  Source-Line:libMvUsb3vTL.so(StreamProcess.cpp-L1938)  ProcessName:rm_camera_capture(183699)     Description:[RecvThreadProcess][RecvThreadProcess] UsbType[0] m_nStreamAsyncParamNum [8] begin running
Info    2026-06-06 19:45:17:106  DevID:MV-CS016-10UC(DB0178675)  Source-Line:libMvUsb3vTL.so(StreamProcess.cpp-L1378)  ProcessName:rm_camera_capture(183699)     Description:[Stop]UsbType[0] Stop begin
Info    2026-06-06 19:45:17:106  DevID:MV-CS016-10UC(DB0178675)  Source-Line:libMvUsb3vTL.so(StreamProcess.cpp-L1946)  ProcessName:rm_camera_capture(183699)     Description:[RecvThreadProcess]RecvThread process exit,UsbType[0]
Info    2026-06-06 19:45:17:106  DevID:MV-CS016-10UC(DB0178675)  Source-Line:libMvUsb3vTL.so(StreamProcess.cpp-L1364)  ProcessName:rm_camera_capture(183699)     Description:[RecvThread]U3V StreamRecvThread End, ThreadId[3776972352] USBType[0]
Info    2026-06-06 19:45:17:107  DevID:MV-CS016-10UC(DB0178675)  Source-Line:libMvUsb3vTL.so(StreamProcess.cpp-L1456)  ProcessName:rm_camera_capture(183699)     Description:[Stop]UsbType[0] Stop Acquiration process end, GetFrameCount[121], GetFrameCountSucceed[121], ReceivedFrameCount[121], AbnormalFrameCount[0]
Info    2026-06-06 19:45:17:108  DevID:MV-CS016-10UC(DB0178675)  Source-Line:libMvUsb3vTL.so(DriverLayer.cpp-L1566)  ProcessName:rm_camera_capture(183699)     Description:[DeregisterHotPlugCallback]Deregister hotplug success
Info    2026-06-06 19:45:17:108  DevID:MV-CS016-10UC(DB0178675)  Source-Line:libMvUsb3vTL.so(DeviceControl.cpp-L0037)  ProcessName:rm_camera_capture(183699)     Description:[HeartBeat]U3V HeartBeat End, ThreadId[3661628992], CameraType[0]
Info    2026-06-06 21:17:02:432  DevID:MV-CS016-10UC(DB0178675)  Source-Line:libMvUsb3vTL.so(Manager.cpp-L0149)  ProcessName:rm_camera_capture(225642)     Description:[Init]Current dynamic library path[/opt/MVS/lib/64/libMvUsb3vTL.so]
Info    2026-06-06 21:17:02:432  DevID:MV-CS016-10UC(DB0178675)  Source-Line:libMvUsb3vTL.so(Manager.cpp-L0151)  ProcessName:rm_camera_capture(225642)     Description:[Init]U3V_Version: 4.5.0.3, U3V_Description: BaseLine Build 20241126
Info    2026-06-06 21:17:02:436  DevID:MV-CS016-10UC(DB0178675)  Source-Line:libMvUsb3vTL.so(Manager.cpp-L0795)  ProcessName:rm_camera_capture(225642)     Description:[ConnectDevice][UpdateUsbDeviceType] Dev SerialNum:[DB0178675], Type[0] (0-Stand; 1-MasterWithSlaver; 2-justMaster)
Info    2026-06-06 21:17:02:436  DevID:MV-CS016-10UC(DB0178675)  Source-Line:libMvUsb3vTL.so(DriverLayer.cpp-L1048)  ProcessName:rm_camera_capture(225642)     Description:[OpenDevice]device speed: [0x4]
Info    2026-06-06 21:17:02:526  DevID:MV-CS016-10UC(DB0178675)  Source-Line:libMvUsb3vTL.so(DeviceControl.cpp-L0035)  ProcessName:rm_camera_capture(225642)     Description:[HeartBeat]U3V HeartBeat Start, ThreadId[2061502016], CameraType[0]
Info    2026-06-06 21:17:02:530  DevID:MV-CS016-10UC(DB0178675)  Source-Line:libMvUsb3vTL.so(DriverLayer.cpp-L1527)  ProcessName:rm_camera_capture(225642)     Description:[RegisterHotPlugCallback]Register hotplug success
Info    2026-06-06 21:17:02:622  DevID:MV-CS016-10UC(DB0178675)  Source-Line:libMvUsb3vTL.so(DeviceControl.cpp-L1530)  ProcessName:rm_camera_capture(225642)     Description:[SetTransferSize]Set TransferSize:[1048576] success.
Info    2026-06-06 21:17:02:622  DevID:MV-CS016-10UC(DB0178675)  Source-Line:libMvUsb3vTL.so(StreamProcess.cpp-L3082)  ProcessName:rm_camera_capture(225642)     Description:[SetStreamPayloadTimeout]Set StreamPayload Timeout [50]ms
Info    2026-06-06 21:17:02:622  DevID:MV-CS016-10UC(DB0178675)  Source-Line:libMvUsb3vTL.so(DeviceControl.cpp-L2152)  ProcessName:rm_camera_capture(225642)     Description:[SetSIControlRegTimeout]Set SIControlReg Timeout:[30]  success.
Info    2026-06-06 21:17:02:678  DevID:MV-CS016-10UC(DB0178675)  Source-Line:libMvUsb3vTL.so(Manager.cpp-L1169)  ProcessName:rm_camera_capture(225642)     Description:[StartAcquisition] Have no ExStreamPort
Info    2026-06-06 21:17:02:679  DevID:MV-CS016-10UC(DB0178675)  Source-Line:libMvUsb3vTL.so(StreamProcess.cpp-L1345)  ProcessName:rm_camera_capture(225642)     Description:[RecvThread]U3V StreamRecvThread Start, ThreadId[2181039680]  USBType[0]
Info    2026-06-06 21:17:02:679  DevID:MV-CS016-10UC(DB0178675)  Source-Line:libMvUsb3vTL.so(StreamProcess.cpp-L1938)  ProcessName:rm_camera_capture(225642)     Description:[RecvThreadProcess][RecvThreadProcess] UsbType[0] m_nStreamAsyncParamNum [8] begin running
Info    2026-06-06 21:17:04:108  DevID:MV-CS016-10UC(DB0178675)  Source-Line:libMvUsb3vTL.so(StreamProcess.cpp-L1378)  ProcessName:rm_camera_capture(225642)     Description:[Stop]UsbType[0] Stop begin
Info    2026-06-06 21:17:04:108  DevID:MV-CS016-10UC(DB0178675)  Source-Line:libMvUsb3vTL.so(StreamProcess.cpp-L1946)  ProcessName:rm_camera_capture(225642)     Description:[RecvThreadProcess]RecvThread process exit,UsbType[0]
Info    2026-06-06 21:17:04:108  DevID:MV-CS016-10UC(DB0178675)  Source-Line:libMvUsb3vTL.so(StreamProcess.cpp-L1364)  ProcessName:rm_camera_capture(225642)     Description:[RecvThread]U3V StreamRecvThread End, ThreadId[2181039680] USBType[0]
Info    2026-06-06 21:17:04:109  DevID:MV-CS016-10UC(DB0178675)  Source-Line:libMvUsb3vTL.so(StreamProcess.cpp-L1456)  ProcessName:rm_camera_capture(225642)     Description:[Stop]UsbType[0] Stop Acquiration process end, GetFrameCount[34], GetFrameCountSucceed[34], ReceivedFrameCount[34], AbnormalFrameCount[0]
Info    2026-06-06 21:17:04:110  DevID:MV-CS016-10UC(DB0178675)  Source-Line:libMvUsb3vTL.so(DriverLayer.cpp-L1566)  ProcessName:rm_camera_capture(225642)     Description:[DeregisterHotPlugCallback]Deregister hotplug success
Info    2026-06-06 21:17:04:110  DevID:MV-CS016-10UC(DB0178675)  Source-Line:libMvUsb3vTL.so(DeviceControl.cpp-L0037)  ProcessName:rm_camera_capture(225642)     Description:[HeartBeat]U3V HeartBeat End, ThreadId[2061502016], CameraType[0]
Info    2026-06-06 21:22:46:370  DevID:MV-CS016-10UC(DB0178675)  Source-Line:libMvUsb3vTL.so(Manager.cpp-L0149)  ProcessName:rm_camera_capture(228585)     Description:[Init]Current dynamic library path[/opt/MVS/lib/64/libMvUsb3vTL.so]
Info    2026-06-06 21:22:46:370  DevID:MV-CS016-10UC(DB0178675)  Source-Line:libMvUsb3vTL.so(Manager.cpp-L0151)  ProcessName:rm_camera_capture(228585)     Description:[Init]U3V_Version: 4.5.0.3, U3V_Description: BaseLine Build 20241126
Info    2026-06-06 21:22:46:375  DevID:MV-CS016-10UC(DB0178675)  Source-Line:libMvUsb3vTL.so(Manager.cpp-L0795)  ProcessName:rm_camera_capture(228585)     Description:[ConnectDevice][UpdateUsbDeviceType] Dev SerialNum:[DB0178675], Type[0] (0-Stand; 1-MasterWithSlaver; 2-justMaster)
Info    2026-06-06 21:22:46:375  DevID:MV-CS016-10UC(DB0178675)  Source-Line:libMvUsb3vTL.so(DriverLayer.cpp-L1048)  ProcessName:rm_camera_capture(228585)     Description:[OpenDevice]device speed: [0x3]
Info    2026-06-06 21:22:46:565  DevID:MV-CS016-10UC(DB0178675)  Source-Line:libMvUsb3vTL.so(DeviceControl.cpp-L0035)  ProcessName:rm_camera_capture(228585)     Description:[HeartBeat]U3V HeartBeat Start, ThreadId[1721763392], CameraType[0]
Info    2026-06-06 21:22:46:569  DevID:MV-CS016-10UC(DB0178675)  Source-Line:libMvUsb3vTL.so(DriverLayer.cpp-L1527)  ProcessName:rm_camera_capture(228585)     Description:[RegisterHotPlugCallback]Register hotplug success
Info    2026-06-06 21:22:46:670  DevID:MV-CS016-10UC(DB0178675)  Source-Line:libMvUsb3vTL.so(DeviceControl.cpp-L1530)  ProcessName:rm_camera_capture(228585)     Description:[SetTransferSize]Set TransferSize:[1048576] success.
Info    2026-06-06 21:22:46:670  DevID:MV-CS016-10UC(DB0178675)  Source-Line:libMvUsb3vTL.so(StreamProcess.cpp-L3082)  ProcessName:rm_camera_capture(228585)     Description:[SetStreamPayloadTimeout]Set StreamPayload Timeout [50]ms
Info    2026-06-06 21:22:46:670  DevID:MV-CS016-10UC(DB0178675)  Source-Line:libMvUsb3vTL.so(DeviceControl.cpp-L2152)  ProcessName:rm_camera_capture(228585)     Description:[SetSIControlRegTimeout]Set SIControlReg Timeout:[30]  success.
Info    2026-06-06 21:22:46:726  DevID:MV-CS016-10UC(DB0178675)  Source-Line:libMvUsb3vTL.so(Manager.cpp-L1169)  ProcessName:rm_camera_capture(228585)     Description:[StartAcquisition] Have no ExStreamPort
Info    2026-06-06 21:22:46:726  DevID:MV-CS016-10UC(DB0178675)  Source-Line:libMvUsb3vTL.so(StreamProcess.cpp-L1345)  ProcessName:rm_camera_capture(228585)     Description:[RecvThread]U3V StreamRecvThread Start, ThreadId[1843398208]  USBType[0]
Info    2026-06-06 21:22:46:726  DevID:MV-CS016-10UC(DB0178675)  Source-Line:libMvUsb3vTL.so(StreamProcess.cpp-L1938)  ProcessName:rm_camera_capture(228585)     Description:[RecvThreadProcess][RecvThreadProcess] UsbType[0] m_nStreamAsyncParamNum [8] begin running
Info    2026-06-06 21:22:48:489  DevID:MV-CS016-10UC(DB0178675)  Source-Line:libMvUsb3vTL.so(StreamProcess.cpp-L1378)  ProcessName:rm_camera_capture(228585)     Description:[Stop]UsbType[0] Stop begin
Info    2026-06-06 21:22:48:490  DevID:MV-CS016-10UC(DB0178675)  Source-Line:libMvUsb3vTL.so(StreamProcess.cpp-L1946)  ProcessName:rm_camera_capture(228585)     Description:[RecvThreadProcess]RecvThread process exit,UsbType[0]
Info    2026-06-06 21:22:48:490  DevID:MV-CS016-10UC(DB0178675)  Source-Line:libMvUsb3vTL.so(StreamProcess.cpp-L1364)  ProcessName:rm_camera_capture(228585)     Description:[RecvThread]U3V StreamRecvThread End, ThreadId[1843398208] USBType[0]
Info    2026-06-06 21:22:48:491  DevID:MV-CS016-10UC(DB0178675)  Source-Line:libMvUsb3vTL.so(StreamProcess.cpp-L1456)  ProcessName:rm_camera_capture(228585)     Description:[Stop]UsbType[0] Stop Acquiration process end, GetFrameCount[42], GetFrameCountSucceed[42], ReceivedFrameCount[42], AbnormalFrameCount[0]
Info    2026-06-06 21:22:48:491  DevID:MV-CS016-10UC(DB0178675)  Source-Line:libMvUsb3vTL.so(DriverLayer.cpp-L1566)  ProcessName:rm_camera_capture(228585)     Description:[DeregisterHotPlugCallback]Deregister hotplug success
Info    2026-06-06 21:22:48:491  DevID:MV-CS016-10UC(DB0178675)  Source-Line:libMvUsb3vTL.so(DeviceControl.cpp-L0037)  ProcessName:rm_camera_capture(228585)     Description:[HeartBeat]U3V HeartBeat End, ThreadId[1721763392], CameraType[0]
Info    2026-06-06 21:45:57:921  DevID:MV-CS016-10UC(DB0178675)  Source-Line:libMvUsb3vTL.so(Manager.cpp-L0149)  ProcessName:rm_camera_capture(239422)     Description:[Init]Current dynamic library path[/opt/MVS/lib/64/libMvUsb3vTL.so]
Info    2026-06-06 21:45:57:921  DevID:MV-CS016-10UC(DB0178675)  Source-Line:libMvUsb3vTL.so(Manager.cpp-L0151)  ProcessName:rm_camera_capture(239422)     Description:[Init]U3V_Version: 4.5.0.3, U3V_Description: BaseLine Build 20241126
Info    2026-06-06 21:45:57:926  DevID:MV-CS016-10UC(DB0178675)  Source-Line:libMvUsb3vTL.so(Manager.cpp-L0795)  ProcessName:rm_camera_capture(239422)     Description:[ConnectDevice][UpdateUsbDeviceType] Dev SerialNum:[DB0178675], Type[0] (0-Stand; 1-MasterWithSlaver; 2-justMaster)
Info    2026-06-06 21:45:57:926  DevID:MV-CS016-10UC(DB0178675)  Source-Line:libMvUsb3vTL.so(DriverLayer.cpp-L1048)  ProcessName:rm_camera_capture(239422)     Description:[OpenDevice]device speed: [0x3]
Info    2026-06-06 21:45:58:118  DevID:MV-CS016-10UC(DB0178675)  Source-Line:libMvUsb3vTL.so(DeviceControl.cpp-L0035)  ProcessName:rm_camera_capture(239422)     Description:[HeartBeat]U3V HeartBeat Start, ThreadId[3177186880], CameraType[0]
Info    2026-06-06 21:45:58:122  DevID:MV-CS016-10UC(DB0178675)  Source-Line:libMvUsb3vTL.so(DriverLayer.cpp-L1527)  ProcessName:rm_camera_capture(239422)     Description:[RegisterHotPlugCallback]Register hotplug success
Info    2026-06-06 21:45:58:216  DevID:MV-CS016-10UC(DB0178675)  Source-Line:libMvUsb3vTL.so(DeviceControl.cpp-L1530)  ProcessName:rm_camera_capture(239422)     Description:[SetTransferSize]Set TransferSize:[1048576] success.
Info    2026-06-06 21:45:58:216  DevID:MV-CS016-10UC(DB0178675)  Source-Line:libMvUsb3vTL.so(StreamProcess.cpp-L3082)  ProcessName:rm_camera_capture(239422)     Description:[SetStreamPayloadTimeout]Set StreamPayload Timeout [50]ms
Info    2026-06-06 21:45:58:216  DevID:MV-CS016-10UC(DB0178675)  Source-Line:libMvUsb3vTL.so(DeviceControl.cpp-L2152)  ProcessName:rm_camera_capture(239422)     Description:[SetSIControlRegTimeout]Set SIControlReg Timeout:[30]  success.
Info    2026-06-06 21:45:58:273  DevID:MV-CS016-10UC(DB0178675)  Source-Line:libMvUsb3vTL.so(Manager.cpp-L1169)  ProcessName:rm_camera_capture(239422)     Description:[StartAcquisition] Have no ExStreamPort
Info    2026-06-06 21:45:58:273  DevID:MV-CS016-10UC(DB0178675)  Source-Line:libMvUsb3vTL.so(StreamProcess.cpp-L1345)  ProcessName:rm_camera_capture(239422)     Description:[RecvThread]U3V StreamRecvThread Start, ThreadId[3204449856]  USBType[0]
Info    2026-06-06 21:45:58:273  DevID:MV-CS016-10UC(DB0178675)  Source-Line:libMvUsb3vTL.so(StreamProcess.cpp-L1938)  ProcessName:rm_camera_capture(239422)     Description:[RecvThreadProcess][RecvThreadProcess] UsbType[0] m_nStreamAsyncParamNum [8] begin running
Info    2026-06-06 21:46:04:636  DevID:MV-CS016-10UC(DB0178675)  Source-Line:libMvUsb3vTL.so(StreamProcess.cpp-L1378)  ProcessName:rm_camera_capture(239422)     Description:[Stop]UsbType[0] Stop begin
Info    2026-06-06 21:46:04:637  DevID:MV-CS016-10UC(DB0178675)  Source-Line:libMvUsb3vTL.so(StreamProcess.cpp-L1946)  ProcessName:rm_camera_capture(239422)     Description:[RecvThreadProcess]RecvThread process exit,UsbType[0]
Info    2026-06-06 21:46:04:637  DevID:MV-CS016-10UC(DB0178675)  Source-Line:libMvUsb3vTL.so(StreamProcess.cpp-L1364)  ProcessName:rm_camera_capture(239422)     Description:[RecvThread]U3V StreamRecvThread End, ThreadId[3204449856] USBType[0]
Info    2026-06-06 21:46:04:638  DevID:MV-CS016-10UC(DB0178675)  Source-Line:libMvUsb3vTL.so(StreamProcess.cpp-L1456)  ProcessName:rm_camera_capture(239422)     Description:[Stop]UsbType[0] Stop Acquiration process end, GetFrameCount[153], GetFrameCountSucceed[153], ReceivedFrameCount[153], AbnormalFrameCount[0]
Info    2026-06-06 21:46:04:639  DevID:MV-CS016-10UC(DB0178675)  Source-Line:libMvUsb3vTL.so(DriverLayer.cpp-L1566)  ProcessName:rm_camera_capture(239422)     Description:[DeregisterHotPlugCallback]Deregister hotplug success
Info    2026-06-06 21:46:04:639  DevID:MV-CS016-10UC(DB0178675)  Source-Line:libMvUsb3vTL.so(DeviceControl.cpp-L0037)  ProcessName:rm_camera_capture(239422)     Description:[HeartBeat]U3V HeartBeat End, ThreadId[3177186880], CameraType[0]
Info    2026-06-06 21:46:15:679  DevID:MV-CS016-10UC(DB0178675)  Source-Line:libMvUsb3vTL.so(Manager.cpp-L0149)  ProcessName:rm_camera_capture(239692)     Description:[Init]Current dynamic library path[/opt/MVS/lib/64/libMvUsb3vTL.so]
Info    2026-06-06 21:46:15:679  DevID:MV-CS016-10UC(DB0178675)  Source-Line:libMvUsb3vTL.so(Manager.cpp-L0151)  ProcessName:rm_camera_capture(239692)     Description:[Init]U3V_Version: 4.5.0.3, U3V_Description: BaseLine Build 20241126
Info    2026-06-06 21:46:15:683  DevID:MV-CS016-10UC(DB0178675)  Source-Line:libMvUsb3vTL.so(Manager.cpp-L0795)  ProcessName:rm_camera_capture(239692)     Description:[ConnectDevice][UpdateUsbDeviceType] Dev SerialNum:[DB0178675], Type[0] (0-Stand; 1-MasterWithSlaver; 2-justMaster)
Info    2026-06-06 21:46:15:683  DevID:MV-CS016-10UC(DB0178675)  Source-Line:libMvUsb3vTL.so(DriverLayer.cpp-L1048)  ProcessName:rm_camera_capture(239692)     Description:[OpenDevice]device speed: [0x3]
Info    2026-06-06 21:46:15:872  DevID:MV-CS016-10UC(DB0178675)  Source-Line:libMvUsb3vTL.so(DeviceControl.cpp-L0035)  ProcessName:rm_camera_capture(239692)     Description:[HeartBeat]U3V HeartBeat Start, ThreadId[2319451712], CameraType[0]
Info    2026-06-06 21:46:15:876  DevID:MV-CS016-10UC(DB0178675)  Source-Line:libMvUsb3vTL.so(DriverLayer.cpp-L1527)  ProcessName:rm_camera_capture(239692)     Description:[RegisterHotPlugCallback]Register hotplug success
Info    2026-06-06 21:46:15:977  DevID:MV-CS016-10UC(DB0178675)  Source-Line:libMvUsb3vTL.so(DeviceControl.cpp-L1530)  ProcessName:rm_camera_capture(239692)     Description:[SetTransferSize]Set TransferSize:[1048576] success.
Info    2026-06-06 21:46:15:977  DevID:MV-CS016-10UC(DB0178675)  Source-Line:libMvUsb3vTL.so(StreamProcess.cpp-L3082)  ProcessName:rm_camera_capture(239692)     Description:[SetStreamPayloadTimeout]Set StreamPayload Timeout [50]ms
Info    2026-06-06 21:46:15:977  DevID:MV-CS016-10UC(DB0178675)  Source-Line:libMvUsb3vTL.so(DeviceControl.cpp-L2152)  ProcessName:rm_camera_capture(239692)     Description:[SetSIControlRegTimeout]Set SIControlReg Timeout:[30]  success.
Info    2026-06-06 21:46:16:041  DevID:MV-CS016-10UC(DB0178675)  Source-Line:libMvUsb3vTL.so(Manager.cpp-L1169)  ProcessName:rm_camera_capture(239692)     Description:[StartAcquisition] Have no ExStreamPort
Info    2026-06-06 21:46:16:041  DevID:MV-CS016-10UC(DB0178675)  Source-Line:libMvUsb3vTL.so(StreamProcess.cpp-L1345)  ProcessName:rm_camera_capture(239692)     Description:[RecvThread]U3V StreamRecvThread Start, ThreadId[1912604224]  USBType[0]
Info    2026-06-06 21:46:16:044  DevID:MV-CS016-10UC(DB0178675)  Source-Line:libMvUsb3vTL.so(StreamProcess.cpp-L1938)  ProcessName:rm_camera_capture(239692)     Description:[RecvThreadProcess][RecvThreadProcess] UsbType[0] m_nStreamAsyncParamNum [8] begin running
Info    2026-06-06 21:46:33:599  DevID:MV-CS016-10UC(DB0178675)  Source-Line:libMvUsb3vTL.so(StreamProcess.cpp-L1378)  ProcessName:rm_camera_capture(239692)     Description:[Stop]UsbType[0] Stop begin
Info    2026-06-06 21:46:33:600  DevID:MV-CS016-10UC(DB0178675)  Source-Line:libMvUsb3vTL.so(StreamProcess.cpp-L1946)  ProcessName:rm_camera_capture(239692)     Description:[RecvThreadProcess]RecvThread process exit,UsbType[0]
Info    2026-06-06 21:46:33:600  DevID:MV-CS016-10UC(DB0178675)  Source-Line:libMvUsb3vTL.so(StreamProcess.cpp-L1364)  ProcessName:rm_camera_capture(239692)     Description:[RecvThread]U3V StreamRecvThread End, ThreadId[1912604224] USBType[0]
Info    2026-06-06 21:46:33:602  DevID:MV-CS016-10UC(DB0178675)  Source-Line:libMvUsb3vTL.so(StreamProcess.cpp-L1456)  ProcessName:rm_camera_capture(239692)     Description:[Stop]UsbType[0] Stop Acquiration process end, GetFrameCount[187], GetFrameCountSucceed[187], ReceivedFrameCount[187], AbnormalFrameCount[0]
Info    2026-06-06 21:46:33:605  DevID:MV-CS016-10UC(DB0178675)  Source-Line:libMvUsb3vTL.so(DriverLayer.cpp-L1566)  ProcessName:rm_camera_capture(239692)     Description:[DeregisterHotPlugCallback]Deregister hotplug success
Info    2026-06-06 21:46:33:605  DevID:MV-CS016-10UC(DB0178675)  Source-Line:libMvUsb3vTL.so(DeviceControl.cpp-L0037)  ProcessName:rm_camera_capture(239692)     Description:[HeartBeat]U3V HeartBeat End, ThreadId[2319451712], CameraType[0]
Info    2026-06-06 21:50:57:370  DevID:MV-CS016-10UC(DB0178675)  Source-Line:libMvUsb3vTL.so(Manager.cpp-L0149)  ProcessName:rm_camera_capture(241985)     Description:[Init]Current dynamic library path[/opt/MVS/lib/64/libMvUsb3vTL.so]
Info    2026-06-06 21:50:57:370  DevID:MV-CS016-10UC(DB0178675)  Source-Line:libMvUsb3vTL.so(Manager.cpp-L0151)  ProcessName:rm_camera_capture(241985)     Description:[Init]U3V_Version: 4.5.0.3, U3V_Description: BaseLine Build 20241126
Info    2026-06-06 21:50:57:373  DevID:MV-CS016-10UC(DB0178675)  Source-Line:libMvUsb3vTL.so(Manager.cpp-L0795)  ProcessName:rm_camera_capture(241985)     Description:[ConnectDevice][UpdateUsbDeviceType] Dev SerialNum:[DB0178675], Type[0] (0-Stand; 1-MasterWithSlaver; 2-justMaster)
Info    2026-06-06 21:50:57:373  DevID:MV-CS016-10UC(DB0178675)  Source-Line:libMvUsb3vTL.so(DriverLayer.cpp-L1048)  ProcessName:rm_camera_capture(241985)     Description:[OpenDevice]device speed: [0x3]
Info    2026-06-06 21:50:57:565  DevID:MV-CS016-10UC(DB0178675)  Source-Line:libMvUsb3vTL.so(DeviceControl.cpp-L0035)  ProcessName:rm_camera_capture(241985)     Description:[HeartBeat]U3V HeartBeat Start, ThreadId[553649728], CameraType[0]
Info    2026-06-06 21:50:57:568  DevID:MV-CS016-10UC(DB0178675)  Source-Line:libMvUsb3vTL.so(DriverLayer.cpp-L1527)  ProcessName:rm_camera_capture(241985)     Description:[RegisterHotPlugCallback]Register hotplug success
Info    2026-06-06 21:50:57:667  DevID:MV-CS016-10UC(DB0178675)  Source-Line:libMvUsb3vTL.so(DeviceControl.cpp-L1530)  ProcessName:rm_camera_capture(241985)     Description:[SetTransferSize]Set TransferSize:[1048576] success.
Info    2026-06-06 21:50:57:667  DevID:MV-CS016-10UC(DB0178675)  Source-Line:libMvUsb3vTL.so(StreamProcess.cpp-L3082)  ProcessName:rm_camera_capture(241985)     Description:[SetStreamPayloadTimeout]Set StreamPayload Timeout [50]ms
Info    2026-06-06 21:50:57:667  DevID:MV-CS016-10UC(DB0178675)  Source-Line:libMvUsb3vTL.so(DeviceControl.cpp-L2152)  ProcessName:rm_camera_capture(241985)     Description:[SetSIControlRegTimeout]Set SIControlReg Timeout:[30]  success.
Info    2026-06-06 21:50:57:731  DevID:MV-CS016-10UC(DB0178675)  Source-Line:libMvUsb3vTL.so(Manager.cpp-L1169)  ProcessName:rm_camera_capture(241985)     Description:[StartAcquisition] Have no ExStreamPort
Info    2026-06-06 21:50:57:731  DevID:MV-CS016-10UC(DB0178675)  Source-Line:libMvUsb3vTL.so(StreamProcess.cpp-L1345)  ProcessName:rm_camera_capture(241985)     Description:[RecvThread]U3V StreamRecvThread Start, ThreadId[123733568]  USBType[0]
Info    2026-06-06 21:50:57:734  DevID:MV-CS016-10UC(DB0178675)  Source-Line:libMvUsb3vTL.so(StreamProcess.cpp-L1938)  ProcessName:rm_camera_capture(241985)     Description:[RecvThreadProcess][RecvThreadProcess] UsbType[0] m_nStreamAsyncParamNum [8] begin running
Info    2026-06-06 21:51:04:601  DevID:MV-CS016-10UC(DB0178675)  Source-Line:libMvUsb3vTL.so(StreamProcess.cpp-L1378)  ProcessName:rm_camera_capture(241985)     Description:[Stop]UsbType[0] Stop begin
Info    2026-06-06 21:51:04:602  DevID:MV-CS016-10UC(DB0178675)  Source-Line:libMvUsb3vTL.so(StreamProcess.cpp-L1946)  ProcessName:rm_camera_capture(241985)     Description:[RecvThreadProcess]RecvThread process exit,UsbType[0]
Info    2026-06-06 21:51:04:602  DevID:MV-CS016-10UC(DB0178675)  Source-Line:libMvUsb3vTL.so(StreamProcess.cpp-L1364)  ProcessName:rm_camera_capture(241985)     Description:[RecvThread]U3V StreamRecvThread End, ThreadId[123733568] USBType[0]
Info    2026-06-06 21:51:04:605  DevID:MV-CS016-10UC(DB0178675)  Source-Line:libMvUsb3vTL.so(StreamProcess.cpp-L1456)  ProcessName:rm_camera_capture(241985)     Description:[Stop]UsbType[0] Stop Acquiration process end, GetFrameCount[73], GetFrameCountSucceed[73], ReceivedFrameCount[73], AbnormalFrameCount[0]
Info    2026-06-06 21:51:04:608  DevID:MV-CS016-10UC(DB0178675)  Source-Line:libMvUsb3vTL.so(DriverLayer.cpp-L1566)  ProcessName:rm_camera_capture(241985)     Description:[DeregisterHotPlugCallback]Deregister hotplug success
Info    2026-06-06 21:51:04:608  DevID:MV-CS016-10UC(DB0178675)  Source-Line:libMvUsb3vTL.so(DeviceControl.cpp-L0037)  ProcessName:rm_camera_capture(241985)     Description:[HeartBeat]U3V HeartBeat End, ThreadId[553649728], CameraType[0]
Info    2026-06-06 21:54:31:242  DevID:MV-CS016-10UC(DB0178675)  Source-Line:libMvUsb3vTL.so(Manager.cpp-L0149)  ProcessName:rm_camera_capture(244111)     Description:[Init]Current dynamic library path[/opt/MVS/lib/64/libMvUsb3vTL.so]
Info    2026-06-06 21:54:31:242  DevID:MV-CS016-10UC(DB0178675)  Source-Line:libMvUsb3vTL.so(Manager.cpp-L0151)  ProcessName:rm_camera_capture(244111)     Description:[Init]U3V_Version: 4.5.0.3, U3V_Description: BaseLine Build 20241126
Info    2026-06-06 21:54:31:246  DevID:MV-CS016-10UC(DB0178675)  Source-Line:libMvUsb3vTL.so(Manager.cpp-L0795)  ProcessName:rm_camera_capture(244111)     Description:[ConnectDevice][UpdateUsbDeviceType] Dev SerialNum:[DB0178675], Type[0] (0-Stand; 1-MasterWithSlaver; 2-justMaster)
Info    2026-06-06 21:54:31:246  DevID:MV-CS016-10UC(DB0178675)  Source-Line:libMvUsb3vTL.so(DriverLayer.cpp-L1048)  ProcessName:rm_camera_capture(244111)     Description:[OpenDevice]device speed: [0x3]
Info    2026-06-06 21:54:31:410  DevID:MV-CS016-10UC(DB0178675)  Source-Line:libMvUsb3vTL.so(DeviceControl.cpp-L0035)  ProcessName:rm_camera_capture(244111)     Description:[HeartBeat]U3V HeartBeat Start, ThreadId[916457024], CameraType[0]
Info    2026-06-06 21:54:31:413  DevID:MV-CS016-10UC(DB0178675)  Source-Line:libMvUsb3vTL.so(DriverLayer.cpp-L1527)  ProcessName:rm_camera_capture(244111)     Description:[RegisterHotPlugCallback]Register hotplug success
Info    2026-06-06 21:54:31:509  DevID:MV-CS016-10UC(DB0178675)  Source-Line:libMvUsb3vTL.so(DeviceControl.cpp-L1530)  ProcessName:rm_camera_capture(244111)     Description:[SetTransferSize]Set TransferSize:[1048576] success.
Info    2026-06-06 21:54:31:510  DevID:MV-CS016-10UC(DB0178675)  Source-Line:libMvUsb3vTL.so(StreamProcess.cpp-L3082)  ProcessName:rm_camera_capture(244111)     Description:[SetStreamPayloadTimeout]Set StreamPayload Timeout [50]ms
Info    2026-06-06 21:54:31:510  DevID:MV-CS016-10UC(DB0178675)  Source-Line:libMvUsb3vTL.so(DeviceControl.cpp-L2152)  ProcessName:rm_camera_capture(244111)     Description:[SetSIControlRegTimeout]Set SIControlReg Timeout:[30]  success.
Info    2026-06-06 21:54:31:574  DevID:MV-CS016-10UC(DB0178675)  Source-Line:libMvUsb3vTL.so(Manager.cpp-L1169)  ProcessName:rm_camera_capture(244111)     Description:[StartAcquisition] Have no ExStreamPort
Info    2026-06-06 21:54:31:574  DevID:MV-CS016-10UC(DB0178675)  Source-Line:libMvUsb3vTL.so(StreamProcess.cpp-L1345)  ProcessName:rm_camera_capture(244111)     Description:[RecvThread]U3V StreamRecvThread Start, ThreadId[937428544]  USBType[0]
Info    2026-06-06 21:54:31:575  DevID:MV-CS016-10UC(DB0178675)  Source-Line:libMvUsb3vTL.so(StreamProcess.cpp-L1938)  ProcessName:rm_camera_capture(244111)     Description:[RecvThreadProcess][RecvThreadProcess] UsbType[0] m_nStreamAsyncParamNum [8] begin running
Info    2026-06-06 21:54:33:996  DevID:MV-CS016-10UC(DB0178675)  Source-Line:libMvUsb3vTL.so(StreamProcess.cpp-L1378)  ProcessName:rm_camera_capture(244111)     Description:[Stop]UsbType[0] Stop begin
Info    2026-06-06 21:54:33:997  DevID:MV-CS016-10UC(DB0178675)  Source-Line:libMvUsb3vTL.so(StreamProcess.cpp-L1946)  ProcessName:rm_camera_capture(244111)     Description:[RecvThreadProcess]RecvThread process exit,UsbType[0]
Info    2026-06-06 21:54:33:997  DevID:MV-CS016-10UC(DB0178675)  Source-Line:libMvUsb3vTL.so(StreamProcess.cpp-L1364)  ProcessName:rm_camera_capture(244111)     Description:[RecvThread]U3V StreamRecvThread End, ThreadId[937428544] USBType[0]
Info    2026-06-06 21:54:33:999  DevID:MV-CS016-10UC(DB0178675)  Source-Line:libMvUsb3vTL.so(StreamProcess.cpp-L1456)  ProcessName:rm_camera_capture(244111)     Description:[Stop]UsbType[0] Stop Acquiration process end, GetFrameCount[57], GetFrameCountSucceed[57], ReceivedFrameCount[57], AbnormalFrameCount[0]
Info    2026-06-06 21:54:33:000  DevID:MV-CS016-10UC(DB0178675)  Source-Line:libMvUsb3vTL.so(DriverLayer.cpp-L1566)  ProcessName:rm_camera_capture(244111)     Description:[DeregisterHotPlugCallback]Deregister hotplug success
Info    2026-06-06 21:54:33:000  DevID:MV-CS016-10UC(DB0178675)  Source-Line:libMvUsb3vTL.so(DeviceControl.cpp-L0037)  ProcessName:rm_camera_capture(244111)     Description:[HeartBeat]U3V HeartBeat End, ThreadId[916457024], CameraType[0]
Info    2026-06-06 21:54:54:773  DevID:MV-CS016-10UC(DB0178675)  Source-Line:libMvUsb3vTL.so(Manager.cpp-L0149)  ProcessName:rm_camera_capture(244405)     Description:[Init]Current dynamic library path[/opt/MVS/lib/64/libMvUsb3vTL.so]
Info    2026-06-06 21:54:54:773  DevID:MV-CS016-10UC(DB0178675)  Source-Line:libMvUsb3vTL.so(Manager.cpp-L0151)  ProcessName:rm_camera_capture(244405)     Description:[Init]U3V_Version: 4.5.0.3, U3V_Description: BaseLine Build 20241126
Info    2026-06-06 21:54:54:777  DevID:MV-CS016-10UC(DB0178675)  Source-Line:libMvUsb3vTL.so(Manager.cpp-L0795)  ProcessName:rm_camera_capture(244405)     Description:[ConnectDevice][UpdateUsbDeviceType] Dev SerialNum:[DB0178675], Type[0] (0-Stand; 1-MasterWithSlaver; 2-justMaster)
Info    2026-06-06 21:54:54:777  DevID:MV-CS016-10UC(DB0178675)  Source-Line:libMvUsb3vTL.so(DriverLayer.cpp-L1048)  ProcessName:rm_camera_capture(244405)     Description:[OpenDevice]device speed: [0x3]
Info    2026-06-06 21:54:54:941  DevID:MV-CS016-10UC(DB0178675)  Source-Line:libMvUsb3vTL.so(DeviceControl.cpp-L0035)  ProcessName:rm_camera_capture(244405)     Description:[HeartBeat]U3V HeartBeat Start, ThreadId[3212838464], CameraType[0]
Info    2026-06-06 21:54:54:944  DevID:MV-CS016-10UC(DB0178675)  Source-Line:libMvUsb3vTL.so(DriverLayer.cpp-L1527)  ProcessName:rm_camera_capture(244405)     Description:[RegisterHotPlugCallback]Register hotplug success
Info    2026-06-06 21:54:55:042  DevID:MV-CS016-10UC(DB0178675)  Source-Line:libMvUsb3vTL.so(DeviceControl.cpp-L1530)  ProcessName:rm_camera_capture(244405)     Description:[SetTransferSize]Set TransferSize:[1048576] success.
Info    2026-06-06 21:54:55:042  DevID:MV-CS016-10UC(DB0178675)  Source-Line:libMvUsb3vTL.so(StreamProcess.cpp-L3082)  ProcessName:rm_camera_capture(244405)     Description:[SetStreamPayloadTimeout]Set StreamPayload Timeout [50]ms
Info    2026-06-06 21:54:55:042  DevID:MV-CS016-10UC(DB0178675)  Source-Line:libMvUsb3vTL.so(DeviceControl.cpp-L2152)  ProcessName:rm_camera_capture(244405)     Description:[SetSIControlRegTimeout]Set SIControlReg Timeout:[30]  success.
Info    2026-06-06 21:54:55:106  DevID:MV-CS016-10UC(DB0178675)  Source-Line:libMvUsb3vTL.so(Manager.cpp-L1169)  ProcessName:rm_camera_capture(244405)     Description:[StartAcquisition] Have no ExStreamPort
Info    2026-06-06 21:54:55:107  DevID:MV-CS016-10UC(DB0178675)  Source-Line:libMvUsb3vTL.so(StreamProcess.cpp-L1345)  ProcessName:rm_camera_capture(244405)     Description:[RecvThread]U3V StreamRecvThread Start, ThreadId[2816476736]  USBType[0]
Info    2026-06-06 21:54:55:108  DevID:MV-CS016-10UC(DB0178675)  Source-Line:libMvUsb3vTL.so(StreamProcess.cpp-L1938)  ProcessName:rm_camera_capture(244405)     Description:[RecvThreadProcess][RecvThreadProcess] UsbType[0] m_nStreamAsyncParamNum [8] begin running
Info    2026-06-06 21:54:56:524  DevID:MV-CS016-10UC(DB0178675)  Source-Line:libMvUsb3vTL.so(StreamProcess.cpp-L1378)  ProcessName:rm_camera_capture(244405)     Description:[Stop]UsbType[0] Stop begin
Info    2026-06-06 21:54:56:525  DevID:MV-CS016-10UC(DB0178675)  Source-Line:libMvUsb3vTL.so(StreamProcess.cpp-L1946)  ProcessName:rm_camera_capture(244405)     Description:[RecvThreadProcess]RecvThread process exit,UsbType[0]
Info    2026-06-06 21:54:56:525  DevID:MV-CS016-10UC(DB0178675)  Source-Line:libMvUsb3vTL.so(StreamProcess.cpp-L1364)  ProcessName:rm_camera_capture(244405)     Description:[RecvThread]U3V StreamRecvThread End, ThreadId[2816476736] USBType[0]
Info    2026-06-06 21:54:56:527  DevID:MV-CS016-10UC(DB0178675)  Source-Line:libMvUsb3vTL.so(StreamProcess.cpp-L1456)  ProcessName:rm_camera_capture(244405)     Description:[Stop]UsbType[0] Stop Acquiration process end, GetFrameCount[33], GetFrameCountSucceed[33], ReceivedFrameCount[33], AbnormalFrameCount[0]
Info    2026-06-06 21:54:56:528  DevID:MV-CS016-10UC(DB0178675)  Source-Line:libMvUsb3vTL.so(DriverLayer.cpp-L1566)  ProcessName:rm_camera_capture(244405)     Description:[DeregisterHotPlugCallback]Deregister hotplug success
Info    2026-06-06 21:54:56:528  DevID:MV-CS016-10UC(DB0178675)  Source-Line:libMvUsb3vTL.so(DeviceControl.cpp-L0037)  ProcessName:rm_camera_capture(244405)     Description:[HeartBeat]U3V HeartBeat End, ThreadId[3212838464], CameraType[0]
Info    2026-06-06 21:55:26:502  DevID:MV-CS016-10UC(DB0178675)  Source-Line:libMvUsb3vTL.so(Manager.cpp-L0149)  ProcessName:rm_camera_capture(244847)     Description:[Init]Current dynamic library path[/opt/MVS/lib/64/libMvUsb3vTL.so]
Info    2026-06-06 21:55:26:502  DevID:MV-CS016-10UC(DB0178675)  Source-Line:libMvUsb3vTL.so(Manager.cpp-L0151)  ProcessName:rm_camera_capture(244847)     Description:[Init]U3V_Version: 4.5.0.3, U3V_Description: BaseLine Build 20241126
Info    2026-06-06 21:55:26:506  DevID:MV-CS016-10UC(DB0178675)  Source-Line:libMvUsb3vTL.so(Manager.cpp-L0795)  ProcessName:rm_camera_capture(244847)     Description:[ConnectDevice][UpdateUsbDeviceType] Dev SerialNum:[DB0178675], Type[0] (0-Stand; 1-MasterWithSlaver; 2-justMaster)
Info    2026-06-06 21:55:26:506  DevID:MV-CS016-10UC(DB0178675)  Source-Line:libMvUsb3vTL.so(DriverLayer.cpp-L1048)  ProcessName:rm_camera_capture(244847)     Description:[OpenDevice]device speed: [0x3]
Info    2026-06-06 21:55:26:671  DevID:MV-CS016-10UC(DB0178675)  Source-Line:libMvUsb3vTL.so(DeviceControl.cpp-L0035)  ProcessName:rm_camera_capture(244847)     Description:[HeartBeat]U3V HeartBeat Start, ThreadId[1912604224], CameraType[0]
Info    2026-06-06 21:55:26:675  DevID:MV-CS016-10UC(DB0178675)  Source-Line:libMvUsb3vTL.so(DriverLayer.cpp-L1527)  ProcessName:rm_camera_capture(244847)     Description:[RegisterHotPlugCallback]Register hotplug success
Info    2026-06-06 21:55:26:771  DevID:MV-CS016-10UC(DB0178675)  Source-Line:libMvUsb3vTL.so(DeviceControl.cpp-L1530)  ProcessName:rm_camera_capture(244847)     Description:[SetTransferSize]Set TransferSize:[1048576] success.
Info    2026-06-06 21:55:26:771  DevID:MV-CS016-10UC(DB0178675)  Source-Line:libMvUsb3vTL.so(StreamProcess.cpp-L3082)  ProcessName:rm_camera_capture(244847)     Description:[SetStreamPayloadTimeout]Set StreamPayload Timeout [50]ms
Info    2026-06-06 21:55:26:771  DevID:MV-CS016-10UC(DB0178675)  Source-Line:libMvUsb3vTL.so(DeviceControl.cpp-L2152)  ProcessName:rm_camera_capture(244847)     Description:[SetSIControlRegTimeout]Set SIControlReg Timeout:[30]  success.
Info    2026-06-06 21:55:26:834  DevID:MV-CS016-10UC(DB0178675)  Source-Line:libMvUsb3vTL.so(Manager.cpp-L1169)  ProcessName:rm_camera_capture(244847)     Description:[StartAcquisition] Have no ExStreamPort
Info    2026-06-06 21:55:26:834  DevID:MV-CS016-10UC(DB0178675)  Source-Line:libMvUsb3vTL.so(StreamProcess.cpp-L1345)  ProcessName:rm_camera_capture(244847)     Description:[RecvThread]U3V StreamRecvThread Start, ThreadId[1933575744]  USBType[0]
Info    2026-06-06 21:55:26:835  DevID:MV-CS016-10UC(DB0178675)  Source-Line:libMvUsb3vTL.so(StreamProcess.cpp-L1938)  ProcessName:rm_camera_capture(244847)     Description:[RecvThreadProcess][RecvThreadProcess] UsbType[0] m_nStreamAsyncParamNum [8] begin running
Info    2026-06-06 21:55:28:585  DevID:MV-CS016-10UC(DB0178675)  Source-Line:libMvUsb3vTL.so(StreamProcess.cpp-L1378)  ProcessName:rm_camera_capture(244847)     Description:[Stop]UsbType[0] Stop begin
Info    2026-06-06 21:55:28:585  DevID:MV-CS016-10UC(DB0178675)  Source-Line:libMvUsb3vTL.so(StreamProcess.cpp-L1946)  ProcessName:rm_camera_capture(244847)     Description:[RecvThreadProcess]RecvThread process exit,UsbType[0]
Info    2026-06-06 21:55:28:585  DevID:MV-CS016-10UC(DB0178675)  Source-Line:libMvUsb3vTL.so(StreamProcess.cpp-L1364)  ProcessName:rm_camera_capture(244847)     Description:[RecvThread]U3V StreamRecvThread End, ThreadId[1933575744] USBType[0]
Info    2026-06-06 21:55:28:587  DevID:MV-CS016-10UC(DB0178675)  Source-Line:libMvUsb3vTL.so(StreamProcess.cpp-L1456)  ProcessName:rm_camera_capture(244847)     Description:[Stop]UsbType[0] Stop Acquiration process end, GetFrameCount[41], GetFrameCountSucceed[41], ReceivedFrameCount[41], AbnormalFrameCount[0]
Info    2026-06-06 21:55:28:588  DevID:MV-CS016-10UC(DB0178675)  Source-Line:libMvUsb3vTL.so(DriverLayer.cpp-L1566)  ProcessName:rm_camera_capture(244847)     Description:[DeregisterHotPlugCallback]Deregister hotplug success
Info    2026-06-06 21:55:28:589  DevID:MV-CS016-10UC(DB0178675)  Source-Line:libMvUsb3vTL.so(DeviceControl.cpp-L0037)  ProcessName:rm_camera_capture(244847)     Description:[HeartBeat]U3V HeartBeat End, ThreadId[1912604224], CameraType[0]
Info    2026-06-06 21:55:51:635  DevID:MV-CS016-10UC(DB0178675)  Source-Line:libMvUsb3vTL.so(Manager.cpp-L0149)  ProcessName:rm_camera_capture(245157)     Description:[Init]Current dynamic library path[/opt/MVS/lib/64/libMvUsb3vTL.so]
Info    2026-06-06 21:55:51:636  DevID:MV-CS016-10UC(DB0178675)  Source-Line:libMvUsb3vTL.so(Manager.cpp-L0151)  ProcessName:rm_camera_capture(245157)     Description:[Init]U3V_Version: 4.5.0.3, U3V_Description: BaseLine Build 20241126
Info    2026-06-06 21:55:51:639  DevID:MV-CS016-10UC(DB0178675)  Source-Line:libMvUsb3vTL.so(Manager.cpp-L0795)  ProcessName:rm_camera_capture(245157)     Description:[ConnectDevice][UpdateUsbDeviceType] Dev SerialNum:[DB0178675], Type[0] (0-Stand; 1-MasterWithSlaver; 2-justMaster)
Info    2026-06-06 21:55:51:639  DevID:MV-CS016-10UC(DB0178675)  Source-Line:libMvUsb3vTL.so(DriverLayer.cpp-L1048)  ProcessName:rm_camera_capture(245157)     Description:[OpenDevice]device speed: [0x3]
Info    2026-06-06 21:55:51:804  DevID:MV-CS016-10UC(DB0178675)  Source-Line:libMvUsb3vTL.so(DeviceControl.cpp-L0035)  ProcessName:rm_camera_capture(245157)     Description:[HeartBeat]U3V HeartBeat Start, ThreadId[580912704], CameraType[0]
Info    2026-06-06 21:55:51:808  DevID:MV-CS016-10UC(DB0178675)  Source-Line:libMvUsb3vTL.so(DriverLayer.cpp-L1527)  ProcessName:rm_camera_capture(245157)     Description:[RegisterHotPlugCallback]Register hotplug success
Info    2026-06-06 21:55:51:908  DevID:MV-CS016-10UC(DB0178675)  Source-Line:libMvUsb3vTL.so(DeviceControl.cpp-L1530)  ProcessName:rm_camera_capture(245157)     Description:[SetTransferSize]Set TransferSize:[1048576] success.
Info    2026-06-06 21:55:51:908  DevID:MV-CS016-10UC(DB0178675)  Source-Line:libMvUsb3vTL.so(StreamProcess.cpp-L3082)  ProcessName:rm_camera_capture(245157)     Description:[SetStreamPayloadTimeout]Set StreamPayload Timeout [50]ms
Info    2026-06-06 21:55:51:908  DevID:MV-CS016-10UC(DB0178675)  Source-Line:libMvUsb3vTL.so(DeviceControl.cpp-L2152)  ProcessName:rm_camera_capture(245157)     Description:[SetSIControlRegTimeout]Set SIControlReg Timeout:[30]  success.
Info    2026-06-06 21:55:51:973  DevID:MV-CS016-10UC(DB0178675)  Source-Line:libMvUsb3vTL.so(Manager.cpp-L1169)  ProcessName:rm_camera_capture(245157)     Description:[StartAcquisition] Have no ExStreamPort
Info    2026-06-06 21:55:51:973  DevID:MV-CS016-10UC(DB0178675)  Source-Line:libMvUsb3vTL.so(StreamProcess.cpp-L1345)  ProcessName:rm_camera_capture(245157)     Description:[RecvThread]U3V StreamRecvThread Start, ThreadId[601884224]  USBType[0]
Info    2026-06-06 21:55:51:975  DevID:MV-CS016-10UC(DB0178675)  Source-Line:libMvUsb3vTL.so(StreamProcess.cpp-L1938)  ProcessName:rm_camera_capture(245157)     Description:[RecvThreadProcess][RecvThreadProcess] UsbType[0] m_nStreamAsyncParamNum [8] begin running
Info    2026-06-06 21:55:55:831  DevID:MV-CS016-10UC(DB0178675)  Source-Line:libMvUsb3vTL.so(StreamProcess.cpp-L1378)  ProcessName:rm_camera_capture(245157)     Description:[Stop]UsbType[0] Stop begin
Info    2026-06-06 21:55:55:832  DevID:MV-CS016-10UC(DB0178675)  Source-Line:libMvUsb3vTL.so(StreamProcess.cpp-L1946)  ProcessName:rm_camera_capture(245157)     Description:[RecvThreadProcess]RecvThread process exit,UsbType[0]
Info    2026-06-06 21:55:55:832  DevID:MV-CS016-10UC(DB0178675)  Source-Line:libMvUsb3vTL.so(StreamProcess.cpp-L1364)  ProcessName:rm_camera_capture(245157)     Description:[RecvThread]U3V StreamRecvThread End, ThreadId[601884224] USBType[0]
Info    2026-06-06 21:55:55:833  DevID:MV-CS016-10UC(DB0178675)  Source-Line:libMvUsb3vTL.so(StreamProcess.cpp-L1456)  ProcessName:rm_camera_capture(245157)     Description:[Stop]UsbType[0] Stop Acquiration process end, GetFrameCount[92], GetFrameCountSucceed[92], ReceivedFrameCount[92], AbnormalFrameCount[0]
Info    2026-06-06 21:55:55:834  DevID:MV-CS016-10UC(DB0178675)  Source-Line:libMvUsb3vTL.so(DriverLayer.cpp-L1566)  ProcessName:rm_camera_capture(245157)     Description:[DeregisterHotPlugCallback]Deregister hotplug success
Info    2026-06-06 21:55:55:834  DevID:MV-CS016-10UC(DB0178675)  Source-Line:libMvUsb3vTL.so(DeviceControl.cpp-L0037)  ProcessName:rm_camera_capture(245157)     Description:[HeartBeat]U3V HeartBeat End, ThreadId[580912704], CameraType[0]
Info    2026-06-06 21:59:09:302  DevID:MV-CS016-10UC(DB0178675)  Source-Line:libMvUsb3vTL.so(Manager.cpp-L0149)  ProcessName:rm_camera_capture(247047)     Description:[Init]Current dynamic library path[/opt/MVS/lib/64/libMvUsb3vTL.so]
Info    2026-06-06 21:59:09:302  DevID:MV-CS016-10UC(DB0178675)  Source-Line:libMvUsb3vTL.so(Manager.cpp-L0151)  ProcessName:rm_camera_capture(247047)     Description:[Init]U3V_Version: 4.5.0.3, U3V_Description: BaseLine Build 20241126
Info    2026-06-06 21:59:09:308  DevID:MV-CS016-10UC(DB0178675)  Source-Line:libMvUsb3vTL.so(Manager.cpp-L0795)  ProcessName:rm_camera_capture(247047)     Description:[ConnectDevice][UpdateUsbDeviceType] Dev SerialNum:[DB0178675], Type[0] (0-Stand; 1-MasterWithSlaver; 2-justMaster)
Info    2026-06-06 21:59:09:308  DevID:MV-CS016-10UC(DB0178675)  Source-Line:libMvUsb3vTL.so(DriverLayer.cpp-L1048)  ProcessName:rm_camera_capture(247047)     Description:[OpenDevice]device speed: [0x3]
Info    2026-06-06 21:59:09:472  DevID:MV-CS016-10UC(DB0178675)  Source-Line:libMvUsb3vTL.so(DeviceControl.cpp-L0035)  ProcessName:rm_camera_capture(247047)     Description:[HeartBeat]U3V HeartBeat Start, ThreadId[1457522240], CameraType[0]
Info    2026-06-06 21:59:09:476  DevID:MV-CS016-10UC(DB0178675)  Source-Line:libMvUsb3vTL.so(DriverLayer.cpp-L1527)  ProcessName:rm_camera_capture(247047)     Description:[RegisterHotPlugCallback]Register hotplug success
Info    2026-06-06 21:59:09:570  DevID:MV-CS016-10UC(DB0178675)  Source-Line:libMvUsb3vTL.so(DeviceControl.cpp-L1530)  ProcessName:rm_camera_capture(247047)     Description:[SetTransferSize]Set TransferSize:[1048576] success.
Info    2026-06-06 21:59:09:570  DevID:MV-CS016-10UC(DB0178675)  Source-Line:libMvUsb3vTL.so(StreamProcess.cpp-L3082)  ProcessName:rm_camera_capture(247047)     Description:[SetStreamPayloadTimeout]Set StreamPayload Timeout [50]ms
Info    2026-06-06 21:59:09:570  DevID:MV-CS016-10UC(DB0178675)  Source-Line:libMvUsb3vTL.so(DeviceControl.cpp-L2152)  ProcessName:rm_camera_capture(247047)     Description:[SetSIControlRegTimeout]Set SIControlReg Timeout:[30]  success.
Info    2026-06-06 21:59:09:635  DevID:MV-CS016-10UC(DB0178675)  Source-Line:libMvUsb3vTL.so(Manager.cpp-L1169)  ProcessName:rm_camera_capture(247047)     Description:[StartAcquisition] Have no ExStreamPort
Info    2026-06-06 21:59:09:635  DevID:MV-CS016-10UC(DB0178675)  Source-Line:libMvUsb3vTL.so(StreamProcess.cpp-L1345)  ProcessName:rm_camera_capture(247047)     Description:[RecvThread]U3V StreamRecvThread Start, ThreadId[1048577600]  USBType[0]
Info    2026-06-06 21:59:09:638  DevID:MV-CS016-10UC(DB0178675)  Source-Line:libMvUsb3vTL.so(StreamProcess.cpp-L1938)  ProcessName:rm_camera_capture(247047)     Description:[RecvThreadProcess][RecvThreadProcess] UsbType[0] m_nStreamAsyncParamNum [8] begin running
Info    2026-06-06 21:59:13:011  DevID:MV-CS016-10UC(DB0178675)  Source-Line:libMvUsb3vTL.so(StreamProcess.cpp-L1378)  ProcessName:rm_camera_capture(247047)     Description:[Stop]UsbType[0] Stop begin
Info    2026-06-06 21:59:13:012  DevID:MV-CS016-10UC(DB0178675)  Source-Line:libMvUsb3vTL.so(StreamProcess.cpp-L1946)  ProcessName:rm_camera_capture(247047)     Description:[RecvThreadProcess]RecvThread process exit,UsbType[0]
Info    2026-06-06 21:59:13:012  DevID:MV-CS016-10UC(DB0178675)  Source-Line:libMvUsb3vTL.so(StreamProcess.cpp-L1364)  ProcessName:rm_camera_capture(247047)     Description:[RecvThread]U3V StreamRecvThread End, ThreadId[1048577600] USBType[0]
Info    2026-06-06 21:59:13:014  DevID:MV-CS016-10UC(DB0178675)  Source-Line:libMvUsb3vTL.so(StreamProcess.cpp-L1456)  ProcessName:rm_camera_capture(247047)     Description:[Stop]UsbType[0] Stop Acquiration process end, GetFrameCount[36], GetFrameCountSucceed[36], ReceivedFrameCount[36], AbnormalFrameCount[0]
Info    2026-06-06 21:59:13:017  DevID:MV-CS016-10UC(DB0178675)  Source-Line:libMvUsb3vTL.so(DriverLayer.cpp-L1566)  ProcessName:rm_camera_capture(247047)     Description:[DeregisterHotPlugCallback]Deregister hotplug success
Info    2026-06-06 21:59:13:017  DevID:MV-CS016-10UC(DB0178675)  Source-Line:libMvUsb3vTL.so(DeviceControl.cpp-L0037)  ProcessName:rm_camera_capture(247047)     Description:[HeartBeat]U3V HeartBeat End, ThreadId[1457522240], CameraType[0]
Info    2026-06-06 22:17:07:788  DevID:MV-CS016-10UC(DB0178675)  Source-Line:libMvUsb3vTL.so(Manager.cpp-L0149)  ProcessName:rm_camera_capture(255480)     Description:[Init]Current dynamic library path[/opt/MVS/lib/64/libMvUsb3vTL.so]
Info    2026-06-06 22:17:07:788  DevID:MV-CS016-10UC(DB0178675)  Source-Line:libMvUsb3vTL.so(Manager.cpp-L0151)  ProcessName:rm_camera_capture(255480)     Description:[Init]U3V_Version: 4.5.0.3, U3V_Description: BaseLine Build 20241126
Info    2026-06-06 22:17:07:792  DevID:MV-CS016-10UC(DB0178675)  Source-Line:libMvUsb3vTL.so(Manager.cpp-L0795)  ProcessName:rm_camera_capture(255480)     Description:[ConnectDevice][UpdateUsbDeviceType] Dev SerialNum:[DB0178675], Type[0] (0-Stand; 1-MasterWithSlaver; 2-justMaster)
Info    2026-06-06 22:17:07:792  DevID:MV-CS016-10UC(DB0178675)  Source-Line:libMvUsb3vTL.so(DriverLayer.cpp-L1048)  ProcessName:rm_camera_capture(255480)     Description:[OpenDevice]device speed: [0x3]
Info    2026-06-06 22:17:07:955  DevID:MV-CS016-10UC(DB0178675)  Source-Line:libMvUsb3vTL.so(DeviceControl.cpp-L0035)  ProcessName:rm_camera_capture(255480)     Description:[HeartBeat]U3V HeartBeat Start, ThreadId[461375040], CameraType[0]
Info    2026-06-06 22:17:07:959  DevID:MV-CS016-10UC(DB0178675)  Source-Line:libMvUsb3vTL.so(DriverLayer.cpp-L1527)  ProcessName:rm_camera_capture(255480)     Description:[RegisterHotPlugCallback]Register hotplug success
Info    2026-06-06 22:17:08:057  DevID:MV-CS016-10UC(DB0178675)  Source-Line:libMvUsb3vTL.so(DeviceControl.cpp-L1530)  ProcessName:rm_camera_capture(255480)     Description:[SetTransferSize]Set TransferSize:[1048576] success.
Info    2026-06-06 22:17:08:057  DevID:MV-CS016-10UC(DB0178675)  Source-Line:libMvUsb3vTL.so(StreamProcess.cpp-L3082)  ProcessName:rm_camera_capture(255480)     Description:[SetStreamPayloadTimeout]Set StreamPayload Timeout [50]ms
Info    2026-06-06 22:17:08:057  DevID:MV-CS016-10UC(DB0178675)  Source-Line:libMvUsb3vTL.so(DeviceControl.cpp-L2152)  ProcessName:rm_camera_capture(255480)     Description:[SetSIControlRegTimeout]Set SIControlReg Timeout:[30]  success.
Info    2026-06-06 22:17:08:122  DevID:MV-CS016-10UC(DB0178675)  Source-Line:libMvUsb3vTL.so(Manager.cpp-L1169)  ProcessName:rm_camera_capture(255480)     Description:[StartAcquisition] Have no ExStreamPort
Info    2026-06-06 22:17:08:122  DevID:MV-CS016-10UC(DB0178675)  Source-Line:libMvUsb3vTL.so(StreamProcess.cpp-L1345)  ProcessName:rm_camera_capture(255480)     Description:[RecvThread]U3V StreamRecvThread Start, ThreadId[119539264]  USBType[0]
Info    2026-06-06 22:17:08:125  DevID:MV-CS016-10UC(DB0178675)  Source-Line:libMvUsb3vTL.so(StreamProcess.cpp-L1938)  ProcessName:rm_camera_capture(255480)     Description:[RecvThreadProcess][RecvThreadProcess] UsbType[0] m_nStreamAsyncParamNum [8] begin running
Info    2026-06-06 22:17:14:195  DevID:MV-CS016-10UC(DB0178675)  Source-Line:libMvUsb3vTL.so(StreamProcess.cpp-L1378)  ProcessName:rm_camera_capture(255480)     Description:[Stop]UsbType[0] Stop begin
Info    2026-06-06 22:17:14:197  DevID:MV-CS016-10UC(DB0178675)  Source-Line:libMvUsb3vTL.so(StreamProcess.cpp-L1946)  ProcessName:rm_camera_capture(255480)     Description:[RecvThreadProcess]RecvThread process exit,UsbType[0]
Info    2026-06-06 22:17:14:197  DevID:MV-CS016-10UC(DB0178675)  Source-Line:libMvUsb3vTL.so(StreamProcess.cpp-L1364)  ProcessName:rm_camera_capture(255480)     Description:[RecvThread]U3V StreamRecvThread End, ThreadId[119539264] USBType[0]
Info    2026-06-06 22:17:14:200  DevID:MV-CS016-10UC(DB0178675)  Source-Line:libMvUsb3vTL.so(StreamProcess.cpp-L1456)  ProcessName:rm_camera_capture(255480)     Description:[Stop]UsbType[0] Stop Acquiration process end, GetFrameCount[65], GetFrameCountSucceed[65], ReceivedFrameCount[65], AbnormalFrameCount[0]
Info    2026-06-06 22:17:14:203  DevID:MV-CS016-10UC(DB0178675)  Source-Line:libMvUsb3vTL.so(DriverLayer.cpp-L1566)  ProcessName:rm_camera_capture(255480)     Description:[DeregisterHotPlugCallback]Deregister hotplug success
Info    2026-06-06 22:17:14:203  DevID:MV-CS016-10UC(DB0178675)  Source-Line:libMvUsb3vTL.so(DeviceControl.cpp-L0037)  ProcessName:rm_camera_capture(255480)     Description:[HeartBeat]U3V HeartBeat End, ThreadId[461375040], CameraType[0]
Info    2026-06-06 22:17:53:282  DevID:MV-CS016-10UC(DB0178675)  Source-Line:libMvUsb3vTL.so(Manager.cpp-L0149)  ProcessName:rm_camera_capture(256119)     Description:[Init]Current dynamic library path[/opt/MVS/lib/64/libMvUsb3vTL.so]
Info    2026-06-06 22:17:53:282  DevID:MV-CS016-10UC(DB0178675)  Source-Line:libMvUsb3vTL.so(Manager.cpp-L0151)  ProcessName:rm_camera_capture(256119)     Description:[Init]U3V_Version: 4.5.0.3, U3V_Description: BaseLine Build 20241126
Info    2026-06-06 22:17:53:287  DevID:MV-CS016-10UC(DB0178675)  Source-Line:libMvUsb3vTL.so(Manager.cpp-L0795)  ProcessName:rm_camera_capture(256119)     Description:[ConnectDevice][UpdateUsbDeviceType] Dev SerialNum:[DB0178675], Type[0] (0-Stand; 1-MasterWithSlaver; 2-justMaster)
Info    2026-06-06 22:17:53:287  DevID:MV-CS016-10UC(DB0178675)  Source-Line:libMvUsb3vTL.so(DriverLayer.cpp-L1048)  ProcessName:rm_camera_capture(256119)     Description:[OpenDevice]device speed: [0x3]
Info    2026-06-06 22:17:53:450  DevID:MV-CS016-10UC(DB0178675)  Source-Line:libMvUsb3vTL.so(DeviceControl.cpp-L0035)  ProcessName:rm_camera_capture(256119)     Description:[HeartBeat]U3V HeartBeat Start, ThreadId[1665140288], CameraType[0]
Info    2026-06-06 22:17:53:453  DevID:MV-CS016-10UC(DB0178675)  Source-Line:libMvUsb3vTL.so(DriverLayer.cpp-L1527)  ProcessName:rm_camera_capture(256119)     Description:[RegisterHotPlugCallback]Register hotplug success
Info    2026-06-06 22:17:53:555  DevID:MV-CS016-10UC(DB0178675)  Source-Line:libMvUsb3vTL.so(DeviceControl.cpp-L1530)  ProcessName:rm_camera_capture(256119)     Description:[SetTransferSize]Set TransferSize:[1048576] success.
Info    2026-06-06 22:17:53:555  DevID:MV-CS016-10UC(DB0178675)  Source-Line:libMvUsb3vTL.so(StreamProcess.cpp-L3082)  ProcessName:rm_camera_capture(256119)     Description:[SetStreamPayloadTimeout]Set StreamPayload Timeout [50]ms
Info    2026-06-06 22:17:53:555  DevID:MV-CS016-10UC(DB0178675)  Source-Line:libMvUsb3vTL.so(DeviceControl.cpp-L2152)  ProcessName:rm_camera_capture(256119)     Description:[SetSIControlRegTimeout]Set SIControlReg Timeout:[30]  success.
Info    2026-06-06 22:17:53:618  DevID:MV-CS016-10UC(DB0178675)  Source-Line:libMvUsb3vTL.so(Manager.cpp-L1169)  ProcessName:rm_camera_capture(256119)     Description:[StartAcquisition] Have no ExStreamPort
Info    2026-06-06 22:17:53:618  DevID:MV-CS016-10UC(DB0178675)  Source-Line:libMvUsb3vTL.so(StreamProcess.cpp-L1345)  ProcessName:rm_camera_capture(256119)     Description:[RecvThread]U3V StreamRecvThread Start, ThreadId[1761609280]  USBType[0]
Info    2026-06-06 22:17:53:619  DevID:MV-CS016-10UC(DB0178675)  Source-Line:libMvUsb3vTL.so(StreamProcess.cpp-L1938)  ProcessName:rm_camera_capture(256119)     Description:[RecvThreadProcess][RecvThreadProcess] UsbType[0] m_nStreamAsyncParamNum [8] begin running
Info    2026-06-06 22:17:56:018  DevID:MV-CS016-10UC(DB0178675)  Source-Line:libMvUsb3vTL.so(StreamProcess.cpp-L1378)  ProcessName:rm_camera_capture(256119)     Description:[Stop]UsbType[0] Stop begin
Info    2026-06-06 22:17:56:019  DevID:MV-CS016-10UC(DB0178675)  Source-Line:libMvUsb3vTL.so(StreamProcess.cpp-L1946)  ProcessName:rm_camera_capture(256119)     Description:[RecvThreadProcess]RecvThread process exit,UsbType[0]
Info    2026-06-06 22:17:56:019  DevID:MV-CS016-10UC(DB0178675)  Source-Line:libMvUsb3vTL.so(StreamProcess.cpp-L1364)  ProcessName:rm_camera_capture(256119)     Description:[RecvThread]U3V StreamRecvThread End, ThreadId[1761609280] USBType[0]
Info    2026-06-06 22:17:56:021  DevID:MV-CS016-10UC(DB0178675)  Source-Line:libMvUsb3vTL.so(StreamProcess.cpp-L1456)  ProcessName:rm_camera_capture(256119)     Description:[Stop]UsbType[0] Stop Acquiration process end, GetFrameCount[57], GetFrameCountSucceed[57], ReceivedFrameCount[57], AbnormalFrameCount[0]
Info    2026-06-06 22:17:56:022  DevID:MV-CS016-10UC(DB0178675)  Source-Line:libMvUsb3vTL.so(DriverLayer.cpp-L1566)  ProcessName:rm_camera_capture(256119)     Description:[DeregisterHotPlugCallback]Deregister hotplug success
Info    2026-06-06 22:17:56:022  DevID:MV-CS016-10UC(DB0178675)  Source-Line:libMvUsb3vTL.so(DeviceControl.cpp-L0037)  ProcessName:rm_camera_capture(256119)     Description:[HeartBeat]U3V HeartBeat End, ThreadId[1665140288], CameraType[0]
Info    2026-06-06 22:39:03:219  DevID:MV-CS016-10UC(DB0178675)  Source-Line:libMvUsb3vTL.so(Manager.cpp-L0149)  ProcessName:rm_camera_capture(266853)     Description:[Init]Current dynamic library path[/opt/MVS/lib/64/libMvUsb3vTL.so]
Info    2026-06-06 22:39:03:219  DevID:MV-CS016-10UC(DB0178675)  Source-Line:libMvUsb3vTL.so(Manager.cpp-L0151)  ProcessName:rm_camera_capture(266853)     Description:[Init]U3V_Version: 4.5.0.3, U3V_Description: BaseLine Build 20241126
Info    2026-06-06 22:39:03:223  DevID:MV-CS016-10UC(DB0178675)  Source-Line:libMvUsb3vTL.so(Manager.cpp-L0795)  ProcessName:rm_camera_capture(266853)     Description:[ConnectDevice][UpdateUsbDeviceType] Dev SerialNum:[DB0178675], Type[0] (0-Stand; 1-MasterWithSlaver; 2-justMaster)
Info    2026-06-06 22:39:03:223  DevID:MV-CS016-10UC(DB0178675)  Source-Line:libMvUsb3vTL.so(DriverLayer.cpp-L1048)  ProcessName:rm_camera_capture(266853)     Description:[OpenDevice]device speed: [0x3]
Info    2026-06-06 22:39:03:387  DevID:MV-CS016-10UC(DB0178675)  Source-Line:libMvUsb3vTL.so(DeviceControl.cpp-L0035)  ProcessName:rm_camera_capture(266853)     Description:[HeartBeat]U3V HeartBeat Start, ThreadId[715128832], CameraType[0]
Info    2026-06-06 22:39:03:392  DevID:MV-CS016-10UC(DB0178675)  Source-Line:libMvUsb3vTL.so(DriverLayer.cpp-L1527)  ProcessName:rm_camera_capture(266853)     Description:[RegisterHotPlugCallback]Register hotplug success
Info    2026-06-06 22:39:03:486  DevID:MV-CS016-10UC(DB0178675)  Source-Line:libMvUsb3vTL.so(DeviceControl.cpp-L1530)  ProcessName:rm_camera_capture(266853)     Description:[SetTransferSize]Set TransferSize:[1048576] success.
Info    2026-06-06 22:39:03:486  DevID:MV-CS016-10UC(DB0178675)  Source-Line:libMvUsb3vTL.so(StreamProcess.cpp-L3082)  ProcessName:rm_camera_capture(266853)     Description:[SetStreamPayloadTimeout]Set StreamPayload Timeout [50]ms
Info    2026-06-06 22:39:03:486  DevID:MV-CS016-10UC(DB0178675)  Source-Line:libMvUsb3vTL.so(DeviceControl.cpp-L2152)  ProcessName:rm_camera_capture(266853)     Description:[SetSIControlRegTimeout]Set SIControlReg Timeout:[30]  success.
Info    2026-06-06 22:39:03:548  DevID:MV-CS016-10UC(DB0178675)  Source-Line:libMvUsb3vTL.so(Manager.cpp-L1169)  ProcessName:rm_camera_capture(266853)     Description:[StartAcquisition] Have no ExStreamPort
Info    2026-06-06 22:39:03:548  DevID:MV-CS016-10UC(DB0178675)  Source-Line:libMvUsb3vTL.so(StreamProcess.cpp-L1345)  ProcessName:rm_camera_capture(266853)     Description:[RecvThread]U3V StreamRecvThread Start, ThreadId[736100352]  USBType[0]
Info    2026-06-06 22:39:03:549  DevID:MV-CS016-10UC(DB0178675)  Source-Line:libMvUsb3vTL.so(StreamProcess.cpp-L1938)  ProcessName:rm_camera_capture(266853)     Description:[RecvThreadProcess][RecvThreadProcess] UsbType[0] m_nStreamAsyncParamNum [8] begin running
Info    2026-06-06 22:39:09:191  DevID:MV-CS016-10UC(DB0178675)  Source-Line:libMvUsb3vTL.so(StreamProcess.cpp-L1378)  ProcessName:rm_camera_capture(266853)     Description:[Stop]UsbType[0] Stop begin
Info    2026-06-06 22:39:09:192  DevID:MV-CS016-10UC(DB0178675)  Source-Line:libMvUsb3vTL.so(StreamProcess.cpp-L1946)  ProcessName:rm_camera_capture(266853)     Description:[RecvThreadProcess]RecvThread process exit,UsbType[0]
Info    2026-06-06 22:39:09:192  DevID:MV-CS016-10UC(DB0178675)  Source-Line:libMvUsb3vTL.so(StreamProcess.cpp-L1364)  ProcessName:rm_camera_capture(266853)     Description:[RecvThread]U3V StreamRecvThread End, ThreadId[736100352] USBType[0]
Info    2026-06-06 22:39:09:193  DevID:MV-CS016-10UC(DB0178675)  Source-Line:libMvUsb3vTL.so(StreamProcess.cpp-L1456)  ProcessName:rm_camera_capture(266853)     Description:[Stop]UsbType[0] Stop Acquiration process end, GetFrameCount[135], GetFrameCountSucceed[135], ReceivedFrameCount[135], AbnormalFrameCount[0]
Info    2026-06-06 22:39:09:194  DevID:MV-CS016-10UC(DB0178675)  Source-Line:libMvUsb3vTL.so(DriverLayer.cpp-L1566)  ProcessName:rm_camera_capture(266853)     Description:[DeregisterHotPlugCallback]Deregister hotplug success
Info    2026-06-06 22:39:09:194  DevID:MV-CS016-10UC(DB0178675)  Source-Line:libMvUsb3vTL.so(DeviceControl.cpp-L0037)  ProcessName:rm_camera_capture(266853)     Description:[HeartBeat]U3V HeartBeat End, ThreadId[715128832], CameraType[0]
Info    2026-06-07 19:44:26:910  DevID:MV-CS016-10UC(DB0178675)  Source-Line:libMvUsb3vTL.so(Manager.cpp-L0149)  ProcessName:rm_camera_capture(820245)     Description:[Init]Current dynamic library path[/opt/MVS/lib/64/libMvUsb3vTL.so]
Info    2026-06-07 19:44:26:910  DevID:MV-CS016-10UC(DB0178675)  Source-Line:libMvUsb3vTL.so(Manager.cpp-L0151)  ProcessName:rm_camera_capture(820245)     Description:[Init]U3V_Version: 4.5.0.3, U3V_Description: BaseLine Build 20241126
Info    2026-06-07 19:44:26:914  DevID:MV-CS016-10UC(DB0178675)  Source-Line:libMvUsb3vTL.so(Manager.cpp-L0795)  ProcessName:rm_camera_capture(820245)     Description:[ConnectDevice][UpdateUsbDeviceType] Dev SerialNum:[DB0178675], Type[0] (0-Stand; 1-MasterWithSlaver; 2-justMaster)
Info    2026-06-07 19:44:26:914  DevID:MV-CS016-10UC(DB0178675)  Source-Line:libMvUsb3vTL.so(DriverLayer.cpp-L1048)  ProcessName:rm_camera_capture(820245)     Description:[OpenDevice]device speed: [0x4]
Info    2026-06-07 19:44:27:005  DevID:MV-CS016-10UC(DB0178675)  Source-Line:libMvUsb3vTL.so(DeviceControl.cpp-L0035)  ProcessName:rm_camera_capture(820245)     Description:[HeartBeat]U3V HeartBeat Start, ThreadId[3946840064], CameraType[0]
Info    2026-06-07 19:44:27:009  DevID:MV-CS016-10UC(DB0178675)  Source-Line:libMvUsb3vTL.so(DriverLayer.cpp-L1527)  ProcessName:rm_camera_capture(820245)     Description:[RegisterHotPlugCallback]Register hotplug success
Info    2026-06-07 19:44:27:104  DevID:MV-CS016-10UC(DB0178675)  Source-Line:libMvUsb3vTL.so(DeviceControl.cpp-L1530)  ProcessName:rm_camera_capture(820245)     Description:[SetTransferSize]Set TransferSize:[1048576] success.
Info    2026-06-07 19:44:27:104  DevID:MV-CS016-10UC(DB0178675)  Source-Line:libMvUsb3vTL.so(StreamProcess.cpp-L3082)  ProcessName:rm_camera_capture(820245)     Description:[SetStreamPayloadTimeout]Set StreamPayload Timeout [50]ms
Info    2026-06-07 19:44:27:104  DevID:MV-CS016-10UC(DB0178675)  Source-Line:libMvUsb3vTL.so(DeviceControl.cpp-L2152)  ProcessName:rm_camera_capture(820245)     Description:[SetSIControlRegTimeout]Set SIControlReg Timeout:[30]  success.
Info    2026-06-07 19:44:27:167  DevID:MV-CS016-10UC(DB0178675)  Source-Line:libMvUsb3vTL.so(Manager.cpp-L1169)  ProcessName:rm_camera_capture(820245)     Description:[StartAcquisition] Have no ExStreamPort
Info    2026-06-07 19:44:27:167  DevID:MV-CS016-10UC(DB0178675)  Source-Line:libMvUsb3vTL.so(StreamProcess.cpp-L1345)  ProcessName:rm_camera_capture(820245)     Description:[RecvThread]U3V StreamRecvThread Start, ThreadId[3810525184]  USBType[0]
Info    2026-06-07 19:44:27:169  DevID:MV-CS016-10UC(DB0178675)  Source-Line:libMvUsb3vTL.so(StreamProcess.cpp-L1938)  ProcessName:rm_camera_capture(820245)     Description:[RecvThreadProcess][RecvThreadProcess] UsbType[0] m_nStreamAsyncParamNum [8] begin running
Info    2026-06-07 19:44:37:378  DevID:MV-CS016-10UC(DB0178675)  Source-Line:libMvUsb3vTL.so(StreamProcess.cpp-L1378)  ProcessName:rm_camera_capture(820245)     Description:[Stop]UsbType[0] Stop begin
Info    2026-06-07 19:44:37:380  DevID:MV-CS016-10UC(DB0178675)  Source-Line:libMvUsb3vTL.so(StreamProcess.cpp-L1946)  ProcessName:rm_camera_capture(820245)     Description:[RecvThreadProcess]RecvThread process exit,UsbType[0]
Info    2026-06-07 19:44:37:380  DevID:MV-CS016-10UC(DB0178675)  Source-Line:libMvUsb3vTL.so(StreamProcess.cpp-L1364)  ProcessName:rm_camera_capture(820245)     Description:[RecvThread]U3V StreamRecvThread End, ThreadId[3810525184] USBType[0]
Info    2026-06-07 19:44:37:380  DevID:MV-CS016-10UC(DB0178675)  Source-Line:libMvUsb3vTL.so(StreamProcess.cpp-L1456)  ProcessName:rm_camera_capture(820245)     Description:[Stop]UsbType[0] Stop Acquiration process end, GetFrameCount[245], GetFrameCountSucceed[245], ReceivedFrameCount[245], AbnormalFrameCount[0]
Info    2026-06-07 19:44:37:381  DevID:MV-CS016-10UC(DB0178675)  Source-Line:libMvUsb3vTL.so(DriverLayer.cpp-L1566)  ProcessName:rm_camera_capture(820245)     Description:[DeregisterHotPlugCallback]Deregister hotplug success
Info    2026-06-07 19:44:37:382  DevID:MV-CS016-10UC(DB0178675)  Source-Line:libMvUsb3vTL.so(DeviceControl.cpp-L0037)  ProcessName:rm_camera_capture(820245)     Description:[HeartBeat]U3V HeartBeat End, ThreadId[3946840064], CameraType[0]
Info    2026-06-07 19:49:27:249  DevID:MV-CS016-10UC(DB0178675)  Source-Line:libMvUsb3vTL.so(Manager.cpp-L0149)  ProcessName:rm_camera_capture(822984)     Description:[Init]Current dynamic library path[/opt/MVS/lib/64/libMvUsb3vTL.so]
Info    2026-06-07 19:49:27:249  DevID:MV-CS016-10UC(DB0178675)  Source-Line:libMvUsb3vTL.so(Manager.cpp-L0151)  ProcessName:rm_camera_capture(822984)     Description:[Init]U3V_Version: 4.5.0.3, U3V_Description: BaseLine Build 20241126
Info    2026-06-07 19:49:27:253  DevID:MV-CS016-10UC(DB0178675)  Source-Line:libMvUsb3vTL.so(Manager.cpp-L0795)  ProcessName:rm_camera_capture(822984)     Description:[ConnectDevice][UpdateUsbDeviceType] Dev SerialNum:[DB0178675], Type[0] (0-Stand; 1-MasterWithSlaver; 2-justMaster)
Info    2026-06-07 19:49:27:253  DevID:MV-CS016-10UC(DB0178675)  Source-Line:libMvUsb3vTL.so(DriverLayer.cpp-L1048)  ProcessName:rm_camera_capture(822984)     Description:[OpenDevice]device speed: [0x4]
Info    2026-06-07 19:49:27:343  DevID:MV-CS016-10UC(DB0178675)  Source-Line:libMvUsb3vTL.so(DeviceControl.cpp-L0035)  ProcessName:rm_camera_capture(822984)     Description:[HeartBeat]U3V HeartBeat Start, ThreadId[4181721088], CameraType[0]
Info    2026-06-07 19:49:27:347  DevID:MV-CS016-10UC(DB0178675)  Source-Line:libMvUsb3vTL.so(DriverLayer.cpp-L1527)  ProcessName:rm_camera_capture(822984)     Description:[RegisterHotPlugCallback]Register hotplug success
Info    2026-06-07 19:49:27:440  DevID:MV-CS016-10UC(DB0178675)  Source-Line:libMvUsb3vTL.so(DeviceControl.cpp-L1530)  ProcessName:rm_camera_capture(822984)     Description:[SetTransferSize]Set TransferSize:[1048576] success.
Info    2026-06-07 19:49:27:440  DevID:MV-CS016-10UC(DB0178675)  Source-Line:libMvUsb3vTL.so(StreamProcess.cpp-L3082)  ProcessName:rm_camera_capture(822984)     Description:[SetStreamPayloadTimeout]Set StreamPayload Timeout [50]ms
Info    2026-06-07 19:49:27:440  DevID:MV-CS016-10UC(DB0178675)  Source-Line:libMvUsb3vTL.so(DeviceControl.cpp-L2152)  ProcessName:rm_camera_capture(822984)     Description:[SetSIControlRegTimeout]Set SIControlReg Timeout:[30]  success.
Info    2026-06-07 19:49:27:504  DevID:MV-CS016-10UC(DB0178675)  Source-Line:libMvUsb3vTL.so(Manager.cpp-L1169)  ProcessName:rm_camera_capture(822984)     Description:[StartAcquisition] Have no ExStreamPort
Info    2026-06-07 19:49:27:504  DevID:MV-CS016-10UC(DB0178675)  Source-Line:libMvUsb3vTL.so(StreamProcess.cpp-L1345)  ProcessName:rm_camera_capture(822984)     Description:[RecvThread]U3V StreamRecvThread Start, ThreadId[4208984064]  USBType[0]
Info    2026-06-07 19:49:27:506  DevID:MV-CS016-10UC(DB0178675)  Source-Line:libMvUsb3vTL.so(StreamProcess.cpp-L1938)  ProcessName:rm_camera_capture(822984)     Description:[RecvThreadProcess][RecvThreadProcess] UsbType[0] m_nStreamAsyncParamNum [8] begin running
Error   2026-06-07 19:49:34:734  DevID:MV-CS016-10UC(DB0178675)  Source-Line:libMvUsb3vTL.so(DriverLayer.cpp-L2361)  ProcessName:rm_camera_capture(822984)     Description:[SetFeature][SetFeature] errcode[-4], 
Error   2026-06-07 19:49:34:734  DevID:MV-CS016-10UC(DB0178675)  Source-Line:libMvUsb3vTL.so(DriverLayer.cpp-L1321)  ProcessName:rm_camera_capture(822984)     Description:[ClearHaltStreamEP][libusb_clear_halt] errcode[-4], LIBUSB_ERROR_NO_DEVICE
Error   2026-06-07 19:49:34:734  DevID:MV-CS016-10UC(DB0178675)  Source-Line:libMvUsb3vTL.so(DriverLayer.cpp-L2314)  ProcessName:rm_camera_capture(822984)     Description:[SetFeatureCrtlOutEndPoint]Control Out SetFeature failed. errcode[-4], LIBUSB_ERROR_NO_DEVICE
Error   2026-06-07 19:49:34:734  DevID:MV-CS016-10UC(DB0178675)  Source-Line:libMvUsb3vTL.so(DriverLayer.cpp-L1457)  ProcessName:rm_camera_capture(822984)     Description:[ClearHaltCrtlOutEP][libusb_clear_halt] errcode[-4], LIBUSB_ERROR_NO_DEVICE
Error   2026-06-07 19:49:34:734  DevID:MV-CS016-10UC(DB0178675)  Source-Line:libMvUsb3vTL.so(DeviceControl.cpp-L0397)  ProcessName:rm_camera_capture(822984)     Description:[ReadMemUnit]Write Sync Data failed! RetLen[-4], SendLen[24]
Error   2026-06-07 19:49:34:734  DevID:MV-CS016-10UC(DB0178675)  Source-Line:libMvUsb3vTL.so(DriverLayer.cpp-L2314)  ProcessName:rm_camera_capture(822984)     Description:[SetFeatureCrtlOutEndPoint]Control Out SetFeature failed. errcode[-4], LIBUSB_ERROR_NO_DEVICE
Error   2026-06-07 19:49:34:734  DevID:MV-CS016-10UC(DB0178675)  Source-Line:libMvUsb3vTL.so(DriverLayer.cpp-L1457)  ProcessName:rm_camera_capture(822984)     Description:[ClearHaltCrtlOutEP][libusb_clear_halt] errcode[-4], LIBUSB_ERROR_NO_DEVICE
Error   2026-06-07 19:49:34:734  DevID:MV-CS016-10UC(DB0178675)  Source-Line:libMvUsb3vTL.so(DeviceControl.cpp-L0397)  ProcessName:rm_camera_capture(822984)     Description:[ReadMemUnit]Write Sync Data failed! RetLen[-4], SendLen[24]
Error   2026-06-07 19:49:34:734  DevID:MV-CS016-10UC(DB0178675)  Source-Line:libMvUsb3vTL.so(DriverLayer.cpp-L2314)  ProcessName:rm_camera_capture(822984)     Description:[SetFeatureCrtlOutEndPoint]Control Out SetFeature failed. errcode[-4], LIBUSB_ERROR_NO_DEVICE
Error   2026-06-07 19:49:34:734  DevID:MV-CS016-10UC(DB0178675)  Source-Line:libMvUsb3vTL.so(DriverLayer.cpp-L1457)  ProcessName:rm_camera_capture(822984)     Description:[ClearHaltCrtlOutEP][libusb_clear_halt] errcode[-4], LIBUSB_ERROR_NO_DEVICE
Error   2026-06-07 19:49:34:734  DevID:MV-CS016-10UC(DB0178675)  Source-Line:libMvUsb3vTL.so(DeviceControl.cpp-L0397)  ProcessName:rm_camera_capture(822984)     Description:[ReadMemUnit]Write Sync Data failed! RetLen[-4], SendLen[24]
Error   2026-06-07 19:49:34:735  DevID:MV-CS016-10UC(DB0178675)  Source-Line:libMvUsb3vTL.so(DriverLayer.cpp-L2314)  ProcessName:rm_camera_capture(822984)     Description:[SetFeatureCrtlOutEndPoint]Control Out SetFeature failed. errcode[-4], LIBUSB_ERROR_NO_DEVICE
Error   2026-06-07 19:49:34:735  DevID:MV-CS016-10UC(DB0178675)  Source-Line:libMvUsb3vTL.so(DriverLayer.cpp-L1457)  ProcessName:rm_camera_capture(822984)     Description:[ClearHaltCrtlOutEP][libusb_clear_halt] errcode[-4], LIBUSB_ERROR_NO_DEVICE
Error   2026-06-07 19:49:34:735  DevID:MV-CS016-10UC(DB0178675)  Source-Line:libMvUsb3vTL.so(DeviceControl.cpp-L0397)  ProcessName:rm_camera_capture(822984)     Description:[ReadMemUnit]Write Sync Data failed! RetLen[-4], SendLen[24]
Error   2026-06-07 19:49:34:735  DevID:MV-CS016-10UC(DB0178675)  Source-Line:libMvUsb3vTL.so(DriverLayer.cpp-L2314)  ProcessName:rm_camera_capture(822984)     Description:[SetFeatureCrtlOutEndPoint]Control Out SetFeature failed. errcode[-4], LIBUSB_ERROR_NO_DEVICE
Error   2026-06-07 19:49:34:735  DevID:MV-CS016-10UC(DB0178675)  Source-Line:libMvUsb3vTL.so(DriverLayer.cpp-L1457)  ProcessName:rm_camera_capture(822984)     Description:[ClearHaltCrtlOutEP][libusb_clear_halt] errcode[-4], LIBUSB_ERROR_NO_DEVICE
Error   2026-06-07 19:49:34:735  DevID:MV-CS016-10UC(DB0178675)  Source-Line:libMvUsb3vTL.so(DeviceControl.cpp-L0397)  ProcessName:rm_camera_capture(822984)     Description:[ReadMemUnit]Write Sync Data failed! RetLen[-4], SendLen[24]
Error   2026-06-07 19:49:34:735  DevID:MV-CS016-10UC(DB0178675)  Source-Line:libMvUsb3vTL.so(DriverLayer.cpp-L2314)  ProcessName:rm_camera_capture(822984)     Description:[SetFeatureCrtlOutEndPoint]Control Out SetFeature failed. errcode[-4], LIBUSB_ERROR_NO_DEVICE
Error   2026-06-07 19:49:34:735  DevID:MV-CS016-10UC(DB0178675)  Source-Line:libMvUsb3vTL.so(DriverLayer.cpp-L1457)  ProcessName:rm_camera_capture(822984)     Description:[ClearHaltCrtlOutEP][libusb_clear_halt] errcode[-4], LIBUSB_ERROR_NO_DEVICE
Error   2026-06-07 19:49:34:735  DevID:MV-CS016-10UC(DB0178675)  Source-Line:libMvUsb3vTL.so(DeviceControl.cpp-L0397)  ProcessName:rm_camera_capture(822984)     Description:[ReadMemUnit]Write Sync Data failed! RetLen[-4], SendLen[24]
Error   2026-06-07 19:49:34:735  DevID:MV-CS016-10UC(DB0178675)  Source-Line:libMvUsb3vTL.so(StreamProcess.cpp-L2058)  ProcessName:rm_camera_capture(822984)     Description:[GetOneFrameFromDriver]RecoveryStream end, Other error, ErrorCode[458752], CurPacketIndex[1], TotalPacketNum[4], nRet[0x80000301]
Info    2026-06-07 19:49:34:735  DevID:MV-CS016-10UC(DB0178675)  Source-Line:libMvUsb3vTL.so(StreamProcess.cpp-L1946)  ProcessName:rm_camera_capture(822984)     Description:[RecvThreadProcess]RecvThread process exit,UsbType[0]
Info    2026-06-07 19:49:34:735  DevID:MV-CS016-10UC(DB0178675)  Source-Line:libMvUsb3vTL.so(StreamProcess.cpp-L1364)  ProcessName:rm_camera_capture(822984)     Description:[RecvThread]U3V StreamRecvThread End, ThreadId[4208984064] USBType[0]
Info    2026-06-07 19:49:34:761  DevID:MV-CS016-10UC(DB0178675)  Source-Line:libMvUsb3vTL.so(DeviceControl.cpp-L0037)  ProcessName:rm_camera_capture(822984)     Description:[HeartBeat]U3V HeartBeat End, ThreadId[4181721088], CameraType[0]
Error   2026-06-07 19:49:36:410  DevID:MV-CS016-10UC(DB0178675)  Source-Line:libMvUsb3vTL.so(DriverLayer.cpp-L2314)  ProcessName:rm_camera_capture(822984)     Description:[SetFeatureCrtlOutEndPoint]Control Out SetFeature failed. errcode[-4], LIBUSB_ERROR_NO_DEVICE
Error   2026-06-07 19:49:36:410  DevID:MV-CS016-10UC(DB0178675)  Source-Line:libMvUsb3vTL.so(DriverLayer.cpp-L1457)  ProcessName:rm_camera_capture(822984)     Description:[ClearHaltCrtlOutEP][libusb_clear_halt] errcode[-4], LIBUSB_ERROR_NO_DEVICE
Error   2026-06-07 19:49:36:410  DevID:MV-CS016-10UC(DB0178675)  Source-Line:libMvUsb3vTL.so(DeviceControl.cpp-L0397)  ProcessName:rm_camera_capture(822984)     Description:[ReadMemUnit]Write Sync Data failed! RetLen[-4], SendLen[24]
Error   2026-06-07 19:49:36:410  DevID:MV-CS016-10UC(DB0178675)  Source-Line:libMvUsb3vTL.so(DriverLayer.cpp-L2314)  ProcessName:rm_camera_capture(822984)     Description:[SetFeatureCrtlOutEndPoint]Control Out SetFeature failed. errcode[-4], LIBUSB_ERROR_NO_DEVICE
Error   2026-06-07 19:49:36:410  DevID:MV-CS016-10UC(DB0178675)  Source-Line:libMvUsb3vTL.so(DriverLayer.cpp-L1457)  ProcessName:rm_camera_capture(822984)     Description:[ClearHaltCrtlOutEP][libusb_clear_halt] errcode[-4], LIBUSB_ERROR_NO_DEVICE
Error   2026-06-07 19:49:36:410  DevID:MV-CS016-10UC(DB0178675)  Source-Line:libMvUsb3vTL.so(DeviceControl.cpp-L0397)  ProcessName:rm_camera_capture(822984)     Description:[ReadMemUnit]Write Sync Data failed! RetLen[-4], SendLen[24]
Error   2026-06-07 19:49:36:411  DevID:MV-CS016-10UC(DB0178675)  Source-Line:libMvUsb3vTL.so(DriverLayer.cpp-L2314)  ProcessName:rm_camera_capture(822984)     Description:[SetFeatureCrtlOutEndPoint]Control Out SetFeature failed. errcode[-4], LIBUSB_ERROR_NO_DEVICE
Error   2026-06-07 19:49:36:411  DevID:MV-CS016-10UC(DB0178675)  Source-Line:libMvUsb3vTL.so(DriverLayer.cpp-L1457)  ProcessName:rm_camera_capture(822984)     Description:[ClearHaltCrtlOutEP][libusb_clear_halt] errcode[-4], LIBUSB_ERROR_NO_DEVICE
Error   2026-06-07 19:49:36:411  DevID:MV-CS016-10UC(DB0178675)  Source-Line:libMvUsb3vTL.so(DeviceControl.cpp-L0612)  ProcessName:rm_camera_capture(822984)     Description:[WriteMemUnit][WriteMemUnit]Write Sync Data failed! RetLen[-4], SendLen[24]
Error   2026-06-07 19:49:36:411  DevID:MV-CS016-10UC(DB0178675)  Source-Line:libMvUsb3vTL.so(DriverLayer.cpp-L2314)  ProcessName:rm_camera_capture(822984)     Description:[SetFeatureCrtlOutEndPoint]Control Out SetFeature failed. errcode[-4], LIBUSB_ERROR_NO_DEVICE
Error   2026-06-07 19:49:36:411  DevID:MV-CS016-10UC(DB0178675)  Source-Line:libMvUsb3vTL.so(DriverLayer.cpp-L1457)  ProcessName:rm_camera_capture(822984)     Description:[ClearHaltCrtlOutEP][libusb_clear_halt] errcode[-4], LIBUSB_ERROR_NO_DEVICE
Error   2026-06-07 19:49:36:411  DevID:MV-CS016-10UC(DB0178675)  Source-Line:libMvUsb3vTL.so(DeviceControl.cpp-L0612)  ProcessName:rm_camera_capture(822984)     Description:[WriteMemUnit][WriteMemUnit]Write Sync Data failed! RetLen[-4], SendLen[24]
Error   2026-06-07 19:49:36:411  DevID:MV-CS016-10UC(DB0178675)  Source-Line:libMvUsb3vTL.so(DeviceControl.cpp-L1420)  ProcessName:rm_camera_capture(822984)     Description:[SetSIControl]Set SIControl failed, SIControl[0], address [0x62004] Ret[0x80000301]
Error   2026-06-07 19:49:36:411  DevID:MV-CS016-10UC(DB0178675)  Source-Line:libMvUsb3vTL.so(Manager.cpp-L1240)  ProcessName:rm_camera_capture(822984)     Description:[StopAcquisition]StopAcquisition SetSIControl 0 failed  Ret[0x80000301]
Info    2026-06-07 19:49:36:411  DevID:MV-CS016-10UC(DB0178675)  Source-Line:libMvUsb3vTL.so(StreamProcess.cpp-L1378)  ProcessName:rm_camera_capture(822984)     Description:[Stop]UsbType[0] Stop begin
Info    2026-06-07 19:49:36:411  DevID:MV-CS016-10UC(DB0178675)  Source-Line:libMvUsb3vTL.so(StreamProcess.cpp-L1456)  ProcessName:rm_camera_capture(822984)     Description:[Stop]UsbType[0] Stop Acquiration process end, GetFrameCount[142], GetFrameCountSucceed[142], ReceivedFrameCount[142], AbnormalFrameCount[1]
Error   2026-06-07 19:49:36:411  DevID:MV-CS016-10UC(DB0178675)  Source-Line:libMvUsb3vTL.so(DriverLayer.cpp-L2314)  ProcessName:rm_camera_capture(822984)     Description:[SetFeatureCrtlOutEndPoint]Control Out SetFeature failed. errcode[-4], LIBUSB_ERROR_NO_DEVICE
Error   2026-06-07 19:49:36:411  DevID:MV-CS016-10UC(DB0178675)  Source-Line:libMvUsb3vTL.so(DriverLayer.cpp-L1457)  ProcessName:rm_camera_capture(822984)     Description:[ClearHaltCrtlOutEP][libusb_clear_halt] errcode[-4], LIBUSB_ERROR_NO_DEVICE
Error   2026-06-07 19:49:36:411  DevID:MV-CS016-10UC(DB0178675)  Source-Line:libMvUsb3vTL.so(DeviceControl.cpp-L0397)  ProcessName:rm_camera_capture(822984)     Description:[ReadMemUnit]Write Sync Data failed! RetLen[-4], SendLen[24]
Error   2026-06-07 19:49:36:411  DevID:MV-CS016-10UC(DB0178675)  Source-Line:libMvUsb3vTL.so(DriverLayer.cpp-L2314)  ProcessName:rm_camera_capture(822984)     Description:[SetFeatureCrtlOutEndPoint]Control Out SetFeature failed. errcode[-4], LIBUSB_ERROR_NO_DEVICE
Error   2026-06-07 19:49:36:411  DevID:MV-CS016-10UC(DB0178675)  Source-Line:libMvUsb3vTL.so(DriverLayer.cpp-L1457)  ProcessName:rm_camera_capture(822984)     Description:[ClearHaltCrtlOutEP][libusb_clear_halt] errcode[-4], LIBUSB_ERROR_NO_DEVICE
Error   2026-06-07 19:49:36:411  DevID:MV-CS016-10UC(DB0178675)  Source-Line:libMvUsb3vTL.so(DeviceControl.cpp-L0397)  ProcessName:rm_camera_capture(822984)     Description:[ReadMemUnit]Write Sync Data failed! RetLen[-4], SendLen[24]
Error   2026-06-07 19:49:36:412  DevID:MV-CS016-10UC(DB0178675)  Source-Line:libMvUsb3vTL.so(DriverLayer.cpp-L1221)  ProcessName:rm_camera_capture(822984)     Description:[CloseDevice][libusb_release_interface] fail errcode:[-4] [LIBUSB_ERROR_NO_DEVICE]
Info    2026-06-07 19:49:36:412  DevID:MV-CS016-10UC(DB0178675)  Source-Line:libMvUsb3vTL.so(DriverLayer.cpp-L1566)  ProcessName:rm_camera_capture(822984)     Description:[DeregisterHotPlugCallback]Deregister hotplug success
Info    2026-06-07 19:53:00:412  DevID:MV-CS016-10UC(DB0178675)  Source-Line:libMvUsb3vTL.so(Manager.cpp-L0149)  ProcessName:rm_camera_capture(824950)     Description:[Init]Current dynamic library path[/opt/MVS/lib/64/libMvUsb3vTL.so]
Info    2026-06-07 19:53:00:412  DevID:MV-CS016-10UC(DB0178675)  Source-Line:libMvUsb3vTL.so(Manager.cpp-L0151)  ProcessName:rm_camera_capture(824950)     Description:[Init]U3V_Version: 4.5.0.3, U3V_Description: BaseLine Build 20241126
Info    2026-06-07 19:53:00:416  DevID:MV-CS016-10UC(DB0178675)  Source-Line:libMvUsb3vTL.so(Manager.cpp-L0795)  ProcessName:rm_camera_capture(824950)     Description:[ConnectDevice][UpdateUsbDeviceType] Dev SerialNum:[DB0178675], Type[0] (0-Stand; 1-MasterWithSlaver; 2-justMaster)
Info    2026-06-07 19:53:00:416  DevID:MV-CS016-10UC(DB0178675)  Source-Line:libMvUsb3vTL.so(DriverLayer.cpp-L1048)  ProcessName:rm_camera_capture(824950)     Description:[OpenDevice]device speed: [0x4]
Info    2026-06-07 19:53:00:507  DevID:MV-CS016-10UC(DB0178675)  Source-Line:libMvUsb3vTL.so(DeviceControl.cpp-L0035)  ProcessName:rm_camera_capture(824950)     Description:[HeartBeat]U3V HeartBeat Start, ThreadId[3915382784], CameraType[0]
Info    2026-06-07 19:53:00:510  DevID:MV-CS016-10UC(DB0178675)  Source-Line:libMvUsb3vTL.so(DriverLayer.cpp-L1527)  ProcessName:rm_camera_capture(824950)     Description:[RegisterHotPlugCallback]Register hotplug success
Info    2026-06-07 19:53:00:604  DevID:MV-CS016-10UC(DB0178675)  Source-Line:libMvUsb3vTL.so(DeviceControl.cpp-L1530)  ProcessName:rm_camera_capture(824950)     Description:[SetTransferSize]Set TransferSize:[1048576] success.
Info    2026-06-07 19:53:00:604  DevID:MV-CS016-10UC(DB0178675)  Source-Line:libMvUsb3vTL.so(StreamProcess.cpp-L3082)  ProcessName:rm_camera_capture(824950)     Description:[SetStreamPayloadTimeout]Set StreamPayload Timeout [50]ms
Info    2026-06-07 19:53:00:604  DevID:MV-CS016-10UC(DB0178675)  Source-Line:libMvUsb3vTL.so(DeviceControl.cpp-L2152)  ProcessName:rm_camera_capture(824950)     Description:[SetSIControlRegTimeout]Set SIControlReg Timeout:[30]  success.
Info    2026-06-07 19:53:00:666  DevID:MV-CS016-10UC(DB0178675)  Source-Line:libMvUsb3vTL.so(Manager.cpp-L1169)  ProcessName:rm_camera_capture(824950)     Description:[StartAcquisition] Have no ExStreamPort
Info    2026-06-07 19:53:00:667  DevID:MV-CS016-10UC(DB0178675)  Source-Line:libMvUsb3vTL.so(StreamProcess.cpp-L1345)  ProcessName:rm_camera_capture(824950)     Description:[RecvThread]U3V StreamRecvThread Start, ThreadId[3655335936]  USBType[0]
Info    2026-06-07 19:53:00:668  DevID:MV-CS016-10UC(DB0178675)  Source-Line:libMvUsb3vTL.so(StreamProcess.cpp-L1938)  ProcessName:rm_camera_capture(824950)     Description:[RecvThreadProcess][RecvThreadProcess] UsbType[0] m_nStreamAsyncParamNum [8] begin running
Info    2026-06-07 19:53:16:106  DevID:MV-CS016-10UC(DB0178675)  Source-Line:libMvUsb3vTL.so(StreamProcess.cpp-L1378)  ProcessName:rm_camera_capture(824950)     Description:[Stop]UsbType[0] Stop begin
Info    2026-06-07 19:53:16:106  DevID:MV-CS016-10UC(DB0178675)  Source-Line:libMvUsb3vTL.so(StreamProcess.cpp-L1946)  ProcessName:rm_camera_capture(824950)     Description:[RecvThreadProcess]RecvThread process exit,UsbType[0]
Info    2026-06-07 19:53:16:106  DevID:MV-CS016-10UC(DB0178675)  Source-Line:libMvUsb3vTL.so(StreamProcess.cpp-L1364)  ProcessName:rm_camera_capture(824950)     Description:[RecvThread]U3V StreamRecvThread End, ThreadId[3655335936] USBType[0]
Info    2026-06-07 19:53:16:108  DevID:MV-CS016-10UC(DB0178675)  Source-Line:libMvUsb3vTL.so(StreamProcess.cpp-L1456)  ProcessName:rm_camera_capture(824950)     Description:[Stop]UsbType[0] Stop Acquiration process end, GetFrameCount[370], GetFrameCountSucceed[370], ReceivedFrameCount[370], AbnormalFrameCount[0]
Info    2026-06-07 19:53:16:109  DevID:MV-CS016-10UC(DB0178675)  Source-Line:libMvUsb3vTL.so(DriverLayer.cpp-L1566)  ProcessName:rm_camera_capture(824950)     Description:[DeregisterHotPlugCallback]Deregister hotplug success
Info    2026-06-07 19:53:16:109  DevID:MV-CS016-10UC(DB0178675)  Source-Line:libMvUsb3vTL.so(DeviceControl.cpp-L0037)  ProcessName:rm_camera_capture(824950)     Description:[HeartBeat]U3V HeartBeat End, ThreadId[3915382784], CameraType[0]
